检查以 'ssh -N -L 8000' 开头的 SSH 进程...
[0;36mKill all port forwarding.[0m
找到以下进程，将会被杀死:
68357
已杀死进程 68357
检查运行脚本 'task3_ssh_port_forwarding.sh' 的进程...
找到以下进程，将会被杀死:
68354
已杀死进程 68354
检查以 'ssh -N -L 8000' 开头的 SSH 进程...
找到以下进程，将会被杀死:
68768
已杀死进程 68768
检查运行脚本 'task3_ssh_port_forwarding.sh' 的进程...
没有找到任何以 '/bin/bash ./task3_ssh_port_forwarding.sh' 开头的进程。
[0;36mStarting Roscore...[0m
Roscore is already running.
[0;36mStarting Voice Microphone...[0m
'voice microphone' is running.
[0;36mSSH port forwarding started in background.[0m
[0;36mStarting Clash and Proxy...[0m
Clash and proxy commands completed successfully.
[0;36mSetting Microphone Configuration...[0m
mic_appID9f99c459
mic_apiKeyf9306df2a41d6e863e4b9acbd6467d62
mic_apiSecretMjlmMjFkNjA2MDMzNjk4Mjk2ZTJkNDEy
Microphone set successfully.
Source number found: 1
Successfully set default source to 1.
[0;36mAll scripts executed successfully.[0m
2024-05-24:21:47:34.283 Tx010CDC [32mINFO[0m AEE_Init                        194 workDir is ./
2024-05-24:21:47:34.283 Tx010CDC [32mINFO[0m AEE_Init                        199 licenseFile path is 
2024-05-24:21:47:34.283 Tx010CDC [32mINFO[0m AEE_Init                        200 authBatch is (null)
2024-05-24:21:47:34.283 Tx010CDC [32mINFO[0m AEE_Init                        201 userdefined device id is (null)
2024-05-24:21:47:34.283 Tx010CDC [32mINFO[0m AEE_Init                        202 sdk mode: net mode
2024-05-24:21:47:34.289 Tx010CDC [35mCRIT[0m init                            987 framework version is 2.2.15_rc1
2024-05-24:21:47:34.289 Tx010CDC [35mCRIT[0m init                            989 appid is 9f99c459
2024-05-24:21:47:34.289 Tx010CDC [35mCRIT[0m init                            994 auth type is 0,platform is 4, arch is 4
2024-05-24:21:47:34.289 Tx010D1A [32mINFO[0m WCMainLoop                     2039 succeed to start WCMainLoop.
2024-05-24:21:47:34.292 Tx010CDC [32mINFO[0m setCustomDeviceIDPartWeight     941 use default device id part weight
2024-05-24:21:47:34.292 Tx010CDC [32mINFO[0m getDeviceLevel                 1798 cached device level 2
2024-05-24:21:47:34.292 Tx010CDC [35mCRIT[0m init                           1048 device security level is 2
2024-05-24:21:47:34.292 Tx010CDC [32mINFO[0m init                           1051 auth mode: compete auth, registed abilities: e867a88f2;
2024-05-24:21:47:34.292 Tx010CDC [32mINFO[0m getDeviceId                     850 PARTA:36,PARTD:0
2024-05-24:21:47:34.292 Tx010CDC [32mINFO[0m getDeviceId                     868 PARTB:1 is 48:21:0b:60:8a:d8
2024-05-24:21:47:34.316 Tx010CDC [32mINFO[0m getDeviceId                     874 PARTC:1 
2024-05-24:21:47:34.317 Tx010CDC [35mCRIT[0m checkDeviceChanged              756 cached device is c887604519435269749c520361c6dc24bd98f9e7ac8be2d19adaf0cb80195552fecd8caebd841f49620cdbc982113147a1da699f25e7d1d29b4a07208557f4a4fe52d8a51bff08875f20db06a58b4d3d
2024-05-24:21:47:34.317 Tx010CDC [35mCRIT[0m storeDevice                    1778 start store device c887604519435269749c520361c6dc24bd98f9e7ac8be2d19adaf0cb80195552fecd8caebd841f49620cdbc982113147a1da699f25e7d1d29b4a07208557f4a4fe52d8a51bff08875f20db06a58b4d3d
2024-05-24:21:47:34.317 Tx010CDC [32mINFO[0m setKey                          110 store 8457,8457 device success
2024-05-24:21:47:34.318 Tx010CDC [32mINFO[0m localAuthStorageCheck          1260 start cached license check
2024-05-24:21:47:34.318 Tx010CDC [32mINFO[0m formatV2                        445 ValidLen:4026,PayLen:3470,SigLen:512,SchemaLen:2138,RelationLen:36,LicenseLen:1290,ConfigLen:0
2024-05-24:21:47:34.320 Tx010CDC [32mINFO[0m init                            645 parser init ret:0
2024-05-24:21:47:34.320 Tx010CDC [32mINFO[0m generalCheck                    907 protocol general check ret:0
2024-05-24:21:47:34.320 Tx010CDC [32mINFO[0m localAuthStorageCheck          1279 start update local timestamp
2024-05-24:21:47:34.321 Tx010CDC [32mINFO[0m setKey                          110 store 8457,8457 license success
2024-05-24:21:47:34.321 Tx010CDC [32mINFO[0m localAuthStorageCheck          1287 local cached license check ret:0
2024-05-24:21:47:34.321 Tx010CDC [32mINFO[0m softAuthActivate                883 local cached license parse succeed
2024-05-24:21:47:34.321 Tx010D1B [32mINFO[0m authFileUpdateMain              474 async check thread start
2024-05-24:21:47:34.322 Tx010CDC [35mCRIT[0m AEE_Init                        287 AEE_Init ret 0, cost 40.628677 ms
2024-05-24:21:47:34.322 Tx010CDC [32mINFO[0m loadEngine                      220 loading engine: ef7d69542, versionIdx: 0, libname: ef7d69542_v1009_aee.so
2024-05-24:21:47:34.333 Tx010CDC [32mINFO[0m formatV2                        445 ValidLen:4026,PayLen:3470,SigLen:512,SchemaLen:2138,RelationLen:36,LicenseLen:1290,ConfigLen:0
2024-05-24:21:47:34.335 Tx010CDC [32mINFO[0m init                            645 parser init ret:0
2024-05-24:21:47:34.338 Tx010CDC [35mCRIT[0m AEE_EngineInit                  346 AEE_EngineInit:e867a88f2 ret 0
AIKIT_LoadData start!
2024-05-24:21:47:34.338 Tx010CDC [32mINFO[0m init                             65 ability:e867a88f2 init success
2024-05-24:21:47:34.347 Tx010D1B [32mINFO[0m startOnlineAuthRequest         1296 start async online license activate
2024-05-24:21:47:34.356 Tx010CDC [33mWARN[0m getResourceFilePath             408 can't find full-matched resource, resource:IVW_KEYWORD_1, version:1.0.1, use partial-matched path: ./src/voice_pkg/src/kedaxunfei_ivw/resource/IVW_KEYWORD_1
2024-05-24:21:47:34.356 Tx010CDC [32mINFO[0m loadCommonResource               94 load resource:IVW_KEYWORD_1, id:0, version:1.0.1, path:./src/voice_pkg/src/kedaxunfei_ivw/resource/IVW_KEYWORD_1
2024-05-24:21:47:34.356 Tx010CDC [32mINFO[0m formatV2                        445 ValidLen:4026,PayLen:3470,SigLen:512,SchemaLen:2138,RelationLen:36,LicenseLen:1290,ConfigLen:0
2024-05-24:21:47:34.357 Tx010CDC [32mINFO[0m init                            645 parser init ret:0
2024-05-24:21:47:34.371 Tx010CDC [33mWARN[0m getResourceFilePath             408 can't find full-matched resource, resource:IVW_MLP_1, version:1.0.2, use partial-matched path: ./src/voice_pkg/src/kedaxunfei_ivw/resource/IVW_MLP_1
2024-05-24:21:47:34.371 Tx010CDC [32mINFO[0m loadCommonResource               94 load resource:IVW_MLP_1, id:1, version:1.0.2, path:./src/voice_pkg/src/kedaxunfei_ivw/resource/IVW_MLP_1
2024-05-24:21:47:34.371 Tx010CDC [32mINFO[0m formatV2                        445 ValidLen:4026,PayLen:3470,SigLen:512,SchemaLen:2138,RelationLen:36,LicenseLen:1290,ConfigLen:0
2024-05-24:21:47:34.372 Tx010CDC [32mINFO[0m init                            645 parser init ret:0
2024-05-24:21:47:34.372 Tx010D1B [32mINFO[0m resolveHost                     454 dns mode:0
2024-05-24:21:47:34.372 Tx010D1B [33mWARN[0m getNameServerResult             308 cannot find "xns.xf-yun.com"'s IP, ipList is empty
2024-05-24:21:47:34.400 Tx010CDC [33mWARN[0m getResourceFilePath             408 can't find full-matched resource, resource:IVW_FILLER_1, version:1.0.2, use partial-matched path: ./src/voice_pkg/src/kedaxunfei_ivw/resource/IVW_FILLER_1
2024-05-24:21:47:34.400 Tx010CDC [32mINFO[0m loadCommonResource               94 load resource:IVW_FILLER_1, id:2, version:1.0.2, path:./src/voice_pkg/src/kedaxunfei_ivw/resource/IVW_FILLER_1
2024-05-24:21:47:34.400 Tx010CDC [32mINFO[0m formatV2                        445 ValidLen:4026,PayLen:3470,SigLen:512,SchemaLen:2138,RelationLen:36,LicenseLen:1290,ConfigLen:0
2024-05-24:21:47:34.401 Tx010CDC [32mINFO[0m init                            645 parser init ret:0
2024-05-24:21:47:34.404 Tx010CDC [35mCRIT[0m AEE_LoadData                    496 AEE_LoadData:e867a88f2 ret 0
AIKIT_LoadData end!
AIKIT_LoadData:0
2024-05-24:21:47:34.404 Tx010CDC [35mCRIT[0m AEE_SpecifyDataSet              723 AEE_SpecifyDataSet:e867a88f2 ret 0
AIKIT_SpecifyDataSet:0
2024-05-24:21:47:34.404 Tx010CDC [32mINFO[0m AEE_Start                       764 start a new session , type is 4
2024-05-24:21:47:34.410 Tx010CDC [33mWARN[0m getResourceFilePath             408 can't find full-matched resource, resource:IVW_GRAM_1, version:1.0.2, use partial-matched path: ./src/voice_pkg/src/kedaxunfei_ivw/resource/IVW_GRAM_1
2024-05-24:21:47:34.410 Tx010CDC [32mINFO[0m loadParamResource               146 size:1 load resource:./src/voice_pkg/src/kedaxunfei_ivw/resource/IVW_GRAM_1, version: 1.0.2, id is 3
2024-05-24:21:47:34.410 Tx010CDC [32mINFO[0m formatV2                        445 ValidLen:4026,PayLen:3470,SigLen:512,SchemaLen:2138,RelationLen:36,LicenseLen:1290,ConfigLen:0
2024-05-24:21:47:34.411 Tx010CDC [32mINFO[0m init                            645 parser init ret:0
2024-05-24:21:47:34.441 Tx010D1B [32mINFO[0m getNameServerResult             309 dns resolve xns.xf-yun.com as [101.200.180.128]
2024-05-24:21:47:34.449 Tx010CDC [32mINFO[0m loadParamResource               155 resource ./src/voice_pkg/src/kedaxunfei_ivw/resource/IVW_GRAM_1 was loaded!
2024-05-24:21:47:34.455 Tx010CDC [32mINFO[0m start                           223 Session start:0 e867a88f2 this:0x5630f0077778
AIKIT_Start:0
2024-05-24:21:47:34.457 Tx010D1B [33mWARN[0m httpCallback                    500 wsi:0x7f55d0007868 conn ptr is NULL,ignore this reason:21
2024-05-24:21:47:34.457 Tx010D1B [32mINFO[0m LWSContext                      111 create:2 context ok! Context:0x7f55d0005ad0 ops:0x7f55d00030f0
2024-05-24:21:47:34.457 Tx010D1E [33mWARN[0m httpCallback                    500 wsi:0x7f55cfffe760 conn ptr is NULL,ignore this reason:27
2024-05-24:21:47:34.457 Tx010D1E [33mWARN[0m httpCallback                    500 wsi:0x7f55d0007868 conn ptr is NULL,ignore this reason:71
2024-05-24:21:47:34.457 Tx010D1E [33mWARN[0m httpCallback                    500 wsi:0x7f55d0007868 conn ptr is NULL,ignore this reason:71
2024-05-24:21:47:34.457 Tx010D1E [33mWARN[0m httpCallback                    500 wsi:0x7f55d0007868 conn ptr is NULL,ignore this reason:71
2024-05-24:21:47:34.557 Tx010D1E [33mWARN[0m httpCallback                    500 wsi:0x7f55c40013d0 conn ptr is NULL,ignore this reason:85
2024-05-24:21:47:34.624 Tx010D1B [33mWARN[0m parseResultToAddressList        723 [cn-huabei-1-lg.xf-yun.com] IP list is empty!
2024-05-24:21:47:34.683 Tx010D1B [32mINFO[0m resolveLocalDns                 764 dns resolve aee.xf-yun.com as [114.118.65.87, 114.118.67.61, 114.118.65.75, 114.118.65.86, 114.118.67.62, 114.118.65.88]
Listening...
2024-05-24:21:47:34.743 Tx010D1B [32mINFO[0m resolveLocalDns                 764 dns resolve cn-huabei-1-lg.xf-yun.com as [114.118.65.75, 114.118.65.88, 114.118.65.86, 114.118.65.87]
2024-05-24:21:47:34.743 Tx010D1B [32mINFO[0m genLicenseField                 202 timestamp is 1716558454
2024-05-24:21:47:34.744 Tx010D1B [32mINFO[0m addSessionPingInfo             1277 start to get ping host ip info 125.254.169.35.
2024-05-24:21:47:34.762 Tx010D1B [33mWARN[0m httpCallback                    500 wsi:0x7f55d000dab8 conn ptr is NULL,ignore this reason:21
2024-05-24:21:47:34.762 Tx010D1B [32mINFO[0m LWSContext                      111 create:3 context ok! Context:0x7f55d000bd20 ops:0x7f55d000bbb0
2024-05-24:21:47:34.762 Tx010D2A [33mWARN[0m httpCallback                    500 wsi:0x7f55ccf88540 conn ptr is NULL,ignore this reason:27
2024-05-24:21:47:34.762 Tx010D2A [33mWARN[0m httpCallback                    500 wsi:0x7f55a4000ba0 conn ptr is NULL,ignore this reason:85
2024-05-24:21:47:34.762 Tx010D2A [33mWARN[0m httpCallback                    500 wsi:0x7f55d000dab8 conn ptr is NULL,ignore this reason:71
2024-05-24:21:47:34.907 Tx010D1B [32mINFO[0m onSignResponse                  316 auth request succeed
2024-05-24:21:47:34.908 Tx010D1B [32mINFO[0m formatV2                        445 ValidLen:4022,PayLen:3470,SigLen:512,SchemaLen:2138,RelationLen:36,LicenseLen:1290,ConfigLen:0
2024-05-24:21:47:34.909 Tx010D1B [33mWARN[0m reload                          790 same version and checksum, no update required
2024-05-24:21:47:34.909 Tx010D1B [33mWARN[0m onSignSuccess                   601 reloadParser ret: 0
Listening...
2024-05-24:21:47:34.932 Tx010D1E [33mWARN[0m httpCallback                    500 wsi:0x7f55d0007868 conn ptr is NULL,ignore this reason:71
2024-05-24:21:47:34.932 Tx010D1E [33mWARN[0m httpCallback                    500 wsi:0x7f55c40013d0 conn ptr is NULL,ignore this reason:85
2024-05-24:21:47:34.999 Tx010D1B [32mINFO[0m uploadMetricTask                644 metrics sid is lat000df58e@dx18faadb60bca44d812
Listening...
Listening...
Listening...
Listening...
Listening...
Listening...
Listening...
Listening...
Listening...
Listening...
Listening...
Listening...
Listening...
Listening...
Listening...
Listening...
Listening...
Listening...
Listening...
Listening...
Listening...
Listening...
Listening...
Listening...
Listening...
Listening...
Listening...
Listening...
Listening...
Listening...
Listening...
Listening...
Listening...
Listening...
Listening...
Listening...
Listening...
Listening...
Listening...
Listening...
Listening...
Listening...
Listening...
Listening...
Listening...
Listening...
Listening...
Listening...
Listening...
Listening...
Listening...
Listening...
Listening...
Listening...
Listening...
Listening...
Listening...
Listening...
Listening...
Listening...
Listening...
Listening...
Listening...
Listening...
Listening...
Listening...
Listening...
Listening...
Listening...
Listening...
Listening...
Listening...
Listening...
Listening...
Listening...
Listening...
Listening...
Listening...
Listening...
Listening...
Listening...
Listening...
Listening...
Listening...
Listening...
Listening...
Listening...
Listening...
Listening...
Listening...
Listening...
Listening...
Listening...
Listening...
Listening...
Listening...
Listening...
Listening...
Listening...
Listening...
Listening...
Listening...
Listening...
Listening...
Listening...
Listening...
Listening...
Listening...
Listening...
Listening...
----触发小红小红----
[0m[ INFO] [1716558477.059390905]: ivw: ????????????[0m
Listening...
Listening...
Listening...
Listening...
Listening...
Listening...
Listening...
Listening...
Listening...
Listening...
Listening...
Listening...
Listening...
Listening...
Listening...
Listening...
Listening...
Listening...
Listening...
Listening...
Listening...
Listening...
Listening...
Listening...
Listening...
Listening...
Listening...
Listening...
Listening...
Listening...
Listening...
Listening...
Listening...
Listening...
Listening...
Listening...
Listening...
Listening...
Listening...
Listening...
Listening...
Listening...
Listening...
Listening...
Listening...
Listening...
Listening...
Listening...
Listening...
Listening...
Listening...
Listening...
Listening...
Listening...
Listening...
Listening...
Listening...
Listening...
Listening...
Listening...
Listening...
Listening...
Listening...
Listening...
Listening...
Listening...
Listening...
Listening...
Listening...
Listening...
Listening...
Listening...
Listening...
Listening...
Listening...
Listening...
Listening...
Listening...
Listening...
Listening...
Listening...
Listening...
Listening...
Listening...
Listening...
Listening...
Listening...
Listening...
Listening...
Listening...
Listening...
Listening...
Listening...
Listening...
Listening...
Listening...
Listening...
Listening...
Listening...
Listening...
Listening...
Listening...
Listening...
Listening...
Listening...
Listening...
Listening...
Listening...
Listening...
Listening...
Listening...
Listening...
Listening...
----触发小红小红----
[0m[ INFO] [1716558499.636240846]: ivw: ????????????[0m
Listening...
Listening...
Listening...
Listening...
Listening...
Listening...
Listening...
Listening...
Listening...
Listening...
Listening...
Listening...
Listening...
Listening...
Listening...
Listening...
Listening...
Listening...
Listening...
Listening...
Listening...
Listening...
Listening...
Listening...
Listening...
Listening...
Listening...
Listening...
Listening...
Listening...
Listening...
Listening...
Listening...
Listening...
Listening...
Listening...
Listening...
Listening...
Listening...
Listening...
Listening...
Listening...
Listening...
Listening...
Listening...
Listening...
Listening...
Listening...
Listening...
Listening...
Listening...
Listening...
Listening...
Listening...
Listening...
Listening...
Listening...
Listening...
Listening...
Listening...
Listening...
Listening...
Listening...
Listening...
Listening...
Listening...
Listening...
Listening...
Listening...
Listening...
Listening...
Listening...
Listening...
Listening...
Listening...
Listening...
Listening...
Listening...
Listening...
Listening...
Listening...
Listening...
Listening...
Listening...
Listening...
Listening...
Listening...
Listening...
Listening...
Listening...
Listening...
Listening...
----触发小红小红----
[0m[ INFO] [1716558518.073208294]: ivw: ????????????[0m
Listening...
Listening...
Listening...
Listening...
Listening...
Listening...
Listening...
Listening...
Listening...
Listening...
Listening...
Listening...
Listening...
Listening...
Listening...
Listening...
Listening...
Listening...
Listening...
Listening...
Listening...
Listening...
Listening...
Listening...
Listening...
Listening...
Listening...
Listenin