æ£€æŸ¥ä»¥ 'ssh -N -L 8000' å¼€å¤´çš„ SSH è¿›ç¨‹...
[0;36mKill all port forwarding.[0m
æ²¡æœ‰æ‰¾åˆ°ä»»ä½•ä»¥ 'ssh -N -L 8000' å¼€å¤´çš„è¿›ç¨‹ã€‚
æ£€æŸ¥è¿è¡Œè„šæœ¬ 'task3_ssh_port_forwarding.sh' çš„è¿›ç¨‹...
æ²¡æœ‰æ‰¾åˆ°ä»»ä½•ä»¥ '/bin/bash ./task3_ssh_port_forwarding.sh' å¼€å¤´çš„è¿›ç¨‹ã€‚
æ£€æŸ¥ä»¥ 'ssh -N -L 8000' å¼€å¤´çš„ SSH è¿›ç¨‹...
æ²¡æœ‰æ‰¾åˆ°ä»»ä½•ä»¥ 'ssh -N -L 8000' å¼€å¤´çš„è¿›ç¨‹ã€‚
æ£€æŸ¥è¿è¡Œè„šæœ¬ 'task3_ssh_port_forwarding.sh' çš„è¿›ç¨‹...
æ²¡æœ‰æ‰¾åˆ°ä»»ä½•ä»¥ '/bin/bash ./task3_ssh_port_forwarding.sh' å¼€å¤´çš„è¿›ç¨‹ã€‚
[0;36mStarting Roscore...[0m
cat: pid_file: æ²¡æœ‰é‚£ä¸ªæ–‡ä»¶æˆ–ç›®å½•
é”™è¯¯ï¼šlist of process IDs must follow -p

ç”¨æ³•ï¼š
 ps [é€‰é¡¹]

 Try 'ps --help <simple|list|output|threads|misc|all>'
  or 'ps --help <s|l|o|t|m|a>'
 for additional help text.

å¦‚éœ€äº†è§£æ›´å¤šç»†èŠ‚ï¼Œè¯·é˜…è¯» ps(1)ã€‚
Failed to start Roscore.
killï¼šç”¨æ³•ï¼š kill [-s ä¿¡å·å£°æ˜ | -n ä¿¡å·ç¼–å· | -ä¿¡å·å£°æ˜] è¿›ç¨‹å· | ä»»åŠ¡å£°æ˜ ... æˆ– kill -l [ä¿¡å·å£°æ˜]
[0;35mError: Roscore initialization failed.[0m
