[0;36mKill all port forwarding.[0m
检查以 'ssh -N -L 8000' 开头的 SSH 进程...
没有找到任何以 'ssh -N -L 8000' 开头的进程。
检查运行脚本 'task3_ssh_port_forwarding.sh' 的进程...
没有找到任何以 '/bin/bash ./task3_ssh_port_forwarding.sh' 开头的进程。
检查以 'ssh -N -L 8000' 开头的 SSH 进程...
没有找到任何以 'ssh -N -L 8000' 开头的进程。
检查运行脚本 'task3_ssh_port_forwarding.sh' 的进程...
没有找到任何以 '/bin/bash ./task3_ssh_port_forwarding.sh' 开头的进程。
[0;36mStarting Roscore...[0m
Roscore is already running.
[0;36mStarting Voice Microphone...[0m
'voice microphone' is running.
[0;36mSSH port forwarding started in background.[0m
[0;36mStarting Clash and Proxy...[0m
Clash and proxy commands completed successfully.
mic_appID9f99c459
mic_apiKeyf9306df2a41d6e863e4b9acbd6467d62
mic_apiSecretMjlmMjFkNjA2MDMzNjk4Mjk2ZTJkNDEy
2024-05-26:20:54:04.459 Tx030B21 [32mINFO[0m AEE_Init                        194 workDir is ./
2024-05-26:20:54:04.459 Tx030B21 [32mINFO[0m AEE_Init                        199 licenseFile path is 
2024-05-26:20:54:04.459 Tx030B21 [32mINFO[0m AEE_Init                        200 authBatch is (null)
2024-05-26:20:54:04.460 Tx030B21 [32mINFO[0m AEE_Init                        201 userdefined device id is (null)
2024-05-26:20:54:04.460 Tx030B21 [32mINFO[0m AEE_Init                        202 sdk mode: net mode
2024-05-26:20:54:04.460 Tx030B21 [35mCRIT[0m init                            987 framework version is 2.2.15_rc1
2024-05-26:20:54:04.460 Tx030B21 [35mCRIT[0m init                            989 appid is 9f99c459
2024-05-26:20:54:04.460 Tx030B21 [35mCRIT[0m init                            994 auth type is 0,platform is 4, arch is 4
2024-05-26:20:54:04.460 Tx030B5D [32mINFO[0m WCMainLoop                     2039 succeed to start WCMainLoop.
2024-05-26:20:54:04.460 Tx030B21 [32mINFO[0m setCustomDeviceIDPartWeight     941 use default device id part weight
2024-05-26:20:54:04.460 Tx030B21 [32mINFO[0m getDeviceLevel                 1798 cached device level 2
2024-05-26:20:54:04.460 Tx030B21 [35mCRIT[0m init                           1048 device security level is 2
2024-05-26:20:54:04.461 Tx030B21 [32mINFO[0m init                           1051 auth mode: compete auth, registed abilities: e867a88f2;
2024-05-26:20:54:04.461 Tx030B21 [32mINFO[0m getDeviceId                     850 PARTA:36,PARTD:0
2024-05-26:20:54:04.461 Tx030B21 [32mINFO[0m getDeviceId                     868 PARTB:1 is 48:21:0b:60:8a:d8
2024-05-26:20:54:04.479 Tx030B21 [32mINFO[0m getDeviceId                     874 PARTC:1 
2024-05-26:20:54:04.480 Tx030B21 [35mCRIT[0m checkDeviceChanged              756 cached device is c887604519435269749c520361c6dc24bd98f9e7ac8be2d19adaf0cb80195552fecd8caebd841f49620cdbc982113147a1da699f25e7d1d29b4a07208557f4a4fe52d8a51bff08875f20db06a58b4d3d
2024-05-26:20:54:04.480 Tx030B21 [35mCRIT[0m storeDevice                    1778 start store device c887604519435269749c520361c6dc24bd98f9e7ac8be2d19adaf0cb80195552fecd8caebd841f49620cdbc982113147a1da699f25e7d1d29b4a07208557f4a4fe52d8a51bff08875f20db06a58b4d3d
2024-05-26:20:54:04.480 Tx030B21 [32mINFO[0m setKey                          110 store 8457,8457 device success
2024-05-26:20:54:04.480 Tx030B21 [32mINFO[0m localAuthStorageCheck          1260 start cached license check
2024-05-26:20:54:04.481 Tx030B21 [32mINFO[0m formatV2                        445 ValidLen:4026,PayLen:3470,SigLen:512,SchemaLen:2138,RelationLen:36,LicenseLen:1290,ConfigLen:0
2024-05-26:20:54:04.482 Tx030B21 [32mINFO[0m init                            645 parser init ret:0
2024-05-26:20:54:04.482 Tx030B21 [32mINFO[0m generalCheck                    907 protocol general check ret:0
2024-05-26:20:54:04.482 Tx030B21 [32mINFO[0m localAuthStorageCheck          1279 start update local timestamp
2024-05-26:20:54:04.488 Tx030B21 [32mINFO[0m setKey                          110 store 8457,8457 license success
2024-05-26:20:54:04.488 Tx030B21 [32mINFO[0m localAuthStorageCheck          1287 local cached license check ret:0
2024-05-26:20:54:04.488 Tx030B21 [32mINFO[0m softAuthActivate                883 local cached license parse succeed
2024-05-26:20:54:04.488 Tx030B63 [32mINFO[0m authFileUpdateMain              474 async check thread start
2024-05-26:20:54:04.488 Tx030B21 [35mCRIT[0m AEE_Init                        287 AEE_Init ret 0, cost 29.632700 ms
2024-05-26:20:54:04.488 Tx030B21 [32mINFO[0m loadEngine                      220 loading engine: ef7d69542, versionIdx: 0, libname: ef7d69542_v1009_aee.so
2024-05-26:20:54:04.489 Tx030B21 [32mINFO[0m formatV2                        445 ValidLen:4026,PayLen:3470,SigLen:512,SchemaLen:2138,RelationLen:36,LicenseLen:1290,ConfigLen:0
2024-05-26:20:54:04.490 Tx030B21 [32mINFO[0m init                            645 parser init ret:0
2024-05-26:20:54:04.490 Tx030B21 [35mCRIT[0m AEE_EngineInit                  346 AEE_E[0;36mSetting Microphone Configuration...[0m
Microphone set successfully.
Source number found: 6
Successfully set default source to 6.
[0;36mAll scripts executed successfully.[0m
ngineInit:e867a88f2 ret 0
AIKIT_LoadData start!
2024-05-26:20:54:04.491 Tx030B21 [32mINFO[0m init                             65 ability:e867a88f2 init success
2024-05-26:20:54:04.499 Tx030B21 [33mWARN[0m getResourceFilePath             408 can't find full-matched resource, resource:IVW_KEYWORD_1, version:1.0.1, use partial-matched path: ./src/voice_pkg/src/kedaxunfei_ivw/resource/IVW_KEYWORD_1
2024-05-26:20:54:04.499 Tx030B21 [32mINFO[0m loadCommonResource               94 load resource:IVW_KEYWORD_1, id:0, version:1.0.1, path:./src/voice_pkg/src/kedaxunfei_ivw/resource/IVW_KEYWORD_1
2024-05-26:20:54:04.499 Tx030B21 [32mINFO[0m formatV2                        445 ValidLen:4026,PayLen:3470,SigLen:512,SchemaLen:2138,RelationLen:36,LicenseLen:1290,ConfigLen:0
2024-05-26:20:54:04.500 Tx030B21 [32mINFO[0m init                            645 parser init ret:0
2024-05-26:20:54:04.507 Tx030B21 [33mWARN[0m getResourceFilePath             408 can't find full-matched resource, resource:IVW_MLP_1, version:1.0.2, use partial-matched path: ./src/voice_pkg/src/kedaxunfei_ivw/resource/IVW_MLP_1
2024-05-26:20:54:04.507 Tx030B21 [32mINFO[0m loadCommonResource               94 load resource:IVW_MLP_1, id:1, version:1.0.2, path:./src/voice_pkg/src/kedaxunfei_ivw/resource/IVW_MLP_1
2024-05-26:20:54:04.507 Tx030B21 [32mINFO[0m formatV2                        445 ValidLen:4026,PayLen:3470,SigLen:512,SchemaLen:2138,RelationLen:36,LicenseLen:1290,ConfigLen:0
2024-05-26:20:54:04.507 Tx030B21 [32mINFO[0m init                            645 parser init ret:0
2024-05-26:20:54:04.514 Tx030B63 [32mINFO[0m startOnlineAuthRequest         1296 start async online license activate
2024-05-26:20:54:04.519 Tx030B21 [33mWARN[0m getResourceFilePath             408 can't find full-matched resource, resource:IVW_FILLER_1, version:1.0.2, use partial-matched path: ./src/voice_pkg/src/kedaxunfei_ivw/resource/IVW_FILLER_1
2024-05-26:20:54:04.519 Tx030B21 [32mINFO[0m loadCommonResource               94 load resource:IVW_FILLER_1, id:2, version:1.0.2, path:./src/voice_pkg/src/kedaxunfei_ivw/resource/IVW_FILLER_1
2024-05-26:20:54:04.519 Tx030B21 [32mINFO[0m formatV2                        445 ValidLen:4026,PayLen:3470,SigLen:512,SchemaLen:2138,RelationLen:36,LicenseLen:1290,ConfigLen:0
2024-05-26:20:54:04.520 Tx030B21 [32mINFO[0m init                            645 parser init ret:0
2024-05-26:20:54:04.523 Tx030B21 [35mCRIT[0m AEE_LoadData                    496 AEE_LoadData:e867a88f2 ret 0
AIKIT_LoadData end!
AIKIT_LoadData:0
2024-05-26:20:54:04.523 Tx030B21 [35mCRIT[0m AEE_SpecifyDataSet              723 AEE_SpecifyDataSet:e867a88f2 ret 0
AIKIT_SpecifyDataSet:0
2024-05-26:20:54:04.523 Tx030B21 [32mINFO[0m AEE_Start                       764 start a new session , type is 4
2024-05-26:20:54:04.528 Tx030B21 [33mWARN[0m getResourceFilePath             408 can't find full-matched resource, resource:IVW_GRAM_1, version:1.0.2, use partial-matched path: ./src/voice_pkg/src/kedaxunfei_ivw/resource/IVW_GRAM_1
2024-05-26:20:54:04.528 Tx030B21 [32mINFO[0m loadParamResource               146 size:1 load resource:./src/voice_pkg/src/kedaxunfei_ivw/resource/IVW_GRAM_1, version: 1.0.2, id is 3
2024-05-26:20:54:04.528 Tx030B21 [32mINFO[0m formatV2                        445 ValidLen:4026,PayLen:3470,SigLen:512,SchemaLen:2138,RelationLen:36,LicenseLen:1290,ConfigLen:0
2024-05-26:20:54:04.529 Tx030B21 [32mINFO[0m init                            645 parser init ret:0
2024-05-26:20:54:04.541 Tx030B63 [32mINFO[0m resolveHost                     454 dns mode:0
2024-05-26:20:54:04.541 Tx030B63 [33mWARN[0m getNameServerResult             308 cannot find "xns.xf-yun.com"'s IP, ipList is empty
2024-05-26:20:54:04.567 Tx030B21 [32mINFO[0m loadParamResource               155 resource ./src/voice_pkg/src/kedaxunfei_ivw/resource/IVW_GRAM_1 was loaded!
2024-05-26:20:54:04.568 Tx030B21 [32mINFO[0m start                           223 Session start:0 e867a88f2 this:0x5620fc090528
AIKIT_Start:0
2024-05-26:20:54:04.604 Tx030B63 [32mINFO[0m getNameServerResult             309 dns resolve xns.xf-yun.com as [101.200.180.128]
2024-05-26:20:54:04.621 Tx030B63 [33mWARN[0m httpCallback                    500 wsi:0x7f9b24007868 conn ptr is NULL,ignore this reason:21
2024-05-26:20:54:04.621 Tx030B63 [32mINFO[0m LWSContext                      111 create:2 context ok! Context:0x7f9b24005ad0 ops:0x7f9b240030f0
2024-05-26:20:54:04.622 Tx030B81 [33mWARN[0m httpCallback                    500 wsi:0x7f9b293d9760 conn ptr is NULL,ignore this reason:27
2024-05-26:20:54:04.622 Tx030B81 [33mWARN[0m httpCallback                    500 wsi:0x7f9b24007868 conn ptr is NULL,ignore this reason:71
2024-05-26:20:54:04.622 Tx030B81 [33mWARN[0m httpCallback                    500 wsi:0x7f9b24007868 conn ptr is NULL,ignore this reason:71
2024-05-26:20:54:04.622 Tx030B81 [33mWARN[0m httpCallback                    500 wsi:0x7f9b24007868 conn ptr is NULL,ignore this reason:71
2024-05-26:20:54:04.722 Tx030B81 [33mWARN[0m httpCallback                    500 wsi:0x7f9b040013d0 conn ptr is NULL,ignore this reason:85
Listening...
2024-05-26:20:54:04.788 Tx030B63 [33mWARN[0m parseResultToAddressList        723 [cn-huabei-1-lg.xf-yun.com] IP list is empty!
2024-05-26:20:54:04.853 Tx030B63 [32mINFO[0m resolveLocalDns                 764 dns resolve aee.xf-yun.com as [114.118.65.75, 114.118.65.86, 114.118.65.88, 114.118.67.62, 114.118.65.87, 114.118.67.61]
2024-05-26:20:54:04.911 Tx030B63 [32mINFO[0m resolveLocalDns                 764 dns resolve cn-huabei-1-lg.xf-yun.com as [114.118.65.86, 114.118.65.75, 114.118.65.88, 114.118.65.87]
2024-05-26:20:54:04.911 Tx030B63 [32mINFO[0m genLicenseField                 202 timestamp is 1716728044
2024-05-26:20:54:04.912 Tx030B63 [32mINFO[0m addSessionPingInfo             1277 start to get ping host ip info 125.254.169.37.
2024-05-26:20:54:04.926 Tx030B63 [33mWARN[0m httpCallback                    500 wsi:0x7f9b2400daa8 conn ptr is NULL,ignore this reason:21
2024-05-26:20:54:04.926 Tx030B63 [32mINFO[0m LWSContext                      111 create:3 context ok! Context:0x7f9b2400bd10 ops:0x7f9b2400bba0
2024-05-26:20:54:04.927 Tx030B8F [33mWARN[0m httpCallback                    500 wsi:0x7f9b02ffc540 conn ptr is NULL,ignore this reason:27
2024-05-26:20:54:04.927 Tx030B8F [33mWARN[0m httpCallback                    500 wsi:0x7f9af8000ba0 conn ptr is NULL,ignore this reason:85
2024-05-26:20:54:04.927 Tx030B8F [33mWARN[0m httpCallback                    500 wsi:0x7f9b2400daa8 conn ptr is NULL,ignore this reason:71
Listening...
2024-05-26:20:54:05.068 Tx030B63 [32mINFO[0m onSignResponse                  316 auth request succeed
2024-05-26:20:54:05.068 Tx030B63 [32mINFO[0m formatV2                        445 ValidLen:4022,PayLen:3470,SigLen:512,SchemaLen:2138,RelationLen:36,LicenseLen:1290,ConfigLen:0
2024-05-26:20:54:05.069 Tx030B63 [33mWARN[0m reload                          790 same version and checksum, no update required
2024-05-26:20:54:05.069 Tx030B63 [33mWARN[0m onSignSuccess                   601 reloadParser ret: 0
2024-05-26:20:54:05.095 Tx030B81 [33mWARN[0m httpCallback                    500 wsi:0x7f9b24007868 conn ptr is NULL,ignore this reason:71
2024-05-26:20:54:05.095 Tx030B81 [33mWARN[0m httpCallback                    500 wsi:0x7f9b040013d0 conn ptr is NULL,ignore this reason:85
2024-05-26:20:54:05.151 Tx030B63 [32mINFO[0m uploadMetricTask                644 metrics sid is lat000db2a9@dx18fb4f71e52a44d812
Listening...
Listening...
Listening...
Listening...
Listening...
Listening...
Listening...
Listening...
Listening...
Listening...
Listening...
Listening...
Listening...
Listening...
Listening...
Listening...
Listening...
Listening...
Listening...
Listening...
Listening...
Listening...
Listening...
Listening...
Listening...
Listening...
Listening...
Listening...
Listening...
Listening...
Listening...
Listening...
Listening...
Listening...
Listening...
Listening...
Listening...
Listening...
Listening...
Listening...
Listening...
Listening...
Listening...
Listening...
Listening...
Listening...
Listening...
Listening...
Listening...
Listening...
Listening...
Listening...
Listening...
Listening...
Listening...
Listening...
Listening...
Listening...
Listening...
Listening...
Listening...
----触发小红小红----
[0m[ INFO] [1716728057.312577475]: ivw: ????????????[0m
Listening...
Listening...
Listening...
Listening...
Listening...
Listening...
Listening...
Listening...
Listening...
Listening...
Listening...
Listening...
Listening...
Listening...
Listening...
Listening...
Listening...
Listening...
Listening...
Listening...
Listening...
Listening...
Listening...
Listening...
Listening...
Listening...
Listening...
Listening...
Listening...
Listening...
Listening...
Listening...
Listening...
Listening...
Listening...
Listening...
Listening...
Listening...
Listening...
Listening...
Listening...
Listening...
Listening...
Listening...
Listening...
Listening...
Listening...
Listening...
Listening...
Listening...
Listening...
Listening...
Listening...
Listening...
Listening...
----触发小红小红----
[0m[ INFO] [1716728068.222233759]: ivw: ????????????[0m
Listening...
Listening...
Listening...
Listening...
Listening...
Listening...
Listening...
Listening...
Listening...
Listening...
Listening...
Listening...
Listening...
Listening...
Listening...
Listening...
Listening...
Listening...
Listening...
Listening...
Listening...
Listening...
Listening...
Listening...
Listening...
Listening...
Listening...
Listening...
Listening...
Listening...
Listening...
Listening...
Listening...
Listening...
Listening...
Listening...
Listening...
Listening...
Listening...
Listening...
Listening...
Listening...
Listening...
Listening...
Listening...
Listening...
Listening...
Listening...
Listening...
Listening...
Listening...
Listening...
Listening...
Listening...
Listening...
Listening...
Listening...
Listening...
Listening...
Listening...
Listening...
Listening...
Listening...
Listening...
Listening...
Listening...
Listening...
Listening...
Listening...
Listening...
Listening...
Listening...
Listening...
Listening...
Listening...
Listening...
Listening...
Listening...
Listening...
Listening...
----触发小红小红----
[0m[ INFO] [1716728084.247980194]: ivw: ????????????[0m
Listening...
Listening...
Listening...
Listening...
Listening...
Listening...
Listening...
Listening...
Listening...
Listening...
Listening...
Listening...
Listening...
Listening...
Listening...
Listening...
Listening...
Listening...
Listening...
Listening...
Listening...
Listening...
Listening...
Listening...
Listening...
Listening...
Listening...
Listening...
Listening...
Listening...
Listening...
Listening...
Listening...
Listening...
Listening...
Listening...
Listening...
Listening...
Listening...
Listening...
Listening...
Listening...
Listening...
Listening...
Listening...
Listening...
Listening...
Listening...
Listening...
Listening...
Listening...
Listening...
Listening...
Listening...
Listening...
Listening...
Listening...
Listening...
Listening...
Listening...
Listening...
Listening...
Listening...
Listening...
Listening...
Listening...
Listening...
Listening...
Listening...
Listening...
Listening...
Listening...
Listening...
Listening...
Listening...
Listening...
Listening...
----触发小红小红----
[0m[ INFO] [1716728099.785265211]: ivw: ????????????[0m
Listening...
Listening...
Listening...
Listening...
Listening...
Listening...
Listening...
Listening...
Listening...
Listening...
Listening...
Listening...
Listening...
Listening...
Listening...
Listening...
Listening...
Listening...
Listening...
Listening...
Listening...
Listening...
Listening...
Listening...
Listening...
Listening...
Listening...
Listening...
Listening...
Listening...
Listening...
Listening...
Listening...
Listening...
Listening...
Listening...
Listening...
Listening...
Listening...
Listening...
Listening...
Listening...
Listening...
Listening...
Listening...
Listening...
Listening...
Listening...
Listening...
Listening...
Listening...
Listening...
Listening...
Listening...
Listening...
Listening...
Listening...
Listening...
Listening...
Listening...
Listening...
Listening...
Listening...
Listening...
Listening...
Listening...
Listening...
Listening...
Listening...
Listening...
Listening...
Listening...
Listening...
Listening...
Listening...
Listening...
Listening...
Listening...
Listening...
Listening...
Listening...
Listening...
Listening...
----触发小红小红----
[0m[ INFO] [1716728116.299254637]: ivw: ????????????[0m
Listening...
Listening...
Listening...
Listening...
Listening...
Listening...
Listening...
Listening...
Listening...
Listening...
Listening...
Listening...
Listening...
Listening...
Listening...
Listening...
Listening...
Listening...
Listening...
Listening...
Listening...
Listening...
Listening...
Listening...
Listening...
Listening...
Listening...
Listening...
Listening...
Listening...
Listening...
Listening...
Listening...
Listening...
Listening...
Listening...
Listening...
Listening...
Listening...
Listening...
Listening...
Listening...
Listening...
Listening...
Listening...
Listening...
Listening...
Listening...
Listening...
Listening...
Listening...
Listening...
Listening...
Listening...
Listening...
Listening...
Listening...
Listening...
Listening...
Listening...
Listening...
Listening...
Listening...
Listening...
Listening...
Listening...
Listening...
Listening...
Listening...
Listening...
Listening...
Listening...
Listening...
Listening...
Listening...
Listening...
Listening...
Listening...
Listening...
Listening...
Listening...
Listening...
Listening...
Listening...
Listening...
Listening...
Listening...
Listening...
Listening...
Listening...
Listening...
Listening...
Listening...
Listening...
Listening...
Listening...
Listening...
Listening...
Listening...
Listening...
Listening...
Listening...
Listening...
Listening...
Listening...
Listening...
Listening...
Listening...
Listening...
Listening...
Listening...
Listening...
Listening...
Listening...
Listening...
Listening...
Listening...
Listening...
Listening...
Listening...
Listening...
Listening...
Listening...
Listening...
Listening...
Listening...
Listening...
Listening...
Listening...
Listening...
Listening...
Listening...
Listening...
Listening...
Listening...
Listening...
Listening...
Listening...
Listening...
Listening...
Listening...
Listening...
Listening...
Listening...
Listening...
Listening...
Listening...
Listening...
Listening...
Listening...
Listening...
Listening...
Listening...
Listening...
Listening...
Listening...
Listening...
Listening...
Listening...
Listening...
Listening...
Listening...
Listening...
Listening...
Listening...
Listening...
Listening...
----触发小红小红----
[0m[ INFO] [1716728149.775470911]: ivw: ????????????[0m
Listening...
Listening...
Listening...
Listening...
Listening...
Listening...
Listening...
Listening...
Listening...
Listening...
Listening...
Listening...
Listening...
Listening...
Listening...
Listening...
Listening...
Listening...
Listening...
Listening...
Listening...
Listening...
Listening...
Listening...
Listening...
Listening...
Listening...
Listening...
Listening...
Listening...
Listening...
Listening...
Listening...
Listening...
Listening...
Listening...
Listening...
Listening...
Listening...
Listening...
Listening...
Listening...
Listening...
Listening...
Listening...
Listening...
Listening...
Listening...
Listening...
Listening...
Listening...
Listening...
Listening...
Listening...
Listening...
Listening...
Listening...
Listening...
Listening...
Listening...
Listening...
Listening...
Listening...
Listening...
Listening...
Listening...
Listening...
Listening...
Listening...
Listening...
Listening...
Listening...
Listening...
Listening...
Listening...
Listening...
Listening...
Listening...
Listening...
Listening...
Listening...
Listening...
Listening...
Listening...
Listening...
----触发小红小红----
[0m[ INFO] [1716728166.935029758]: ivw: ????????????[0m
Listening...
Listening...
Listening...
Listening...
Listening...
Listening...
Listening...
Listening...
Listening...
Listening...
Listening...
Listening...
Listening...
Listening...
Listening...
Listening...
Listening...
Listening...
Listening...
Listening...
Listening...
Listening...
Listening...
Listening...
Listening...
Listening...
Listening...
Listening...
Listening...
Listening...
Listening...
Listening...
Listening...
Listening...
Listening...
Listening...
Listening...
Listening...
Listening...
Listening...
Listening...
Listening...
Listening...
Listening...
Listening...
Listening...
Listening...
Listening...
Listening...
Listening...
Listening...
Listening...
Listening...
Listening...
Listening...
Listening...
Listening...
Listening...
Listening...
Listening...
Listening...
Listening...
Listening...
----触发小红小红----
[0m[ INFO] [1716728179.417516521]: ivw: ????????????[0m
Listening...
Listening...
Listening...
Listening...
Listening...
Listening...
Listening...
Listening...
Listening...
Listening...
Listening...
Listening...
Listening...
Listening...
Listening...
Listening...
Listening...
Listening...
Listening...
Listening...
Listening...
Listening...
Listening...
Listening...
Listening...
Listening...
Listening...
Listening...
Listening...
Listening...
Listening...
Listening...
Listening...
Listening...
Listening...
Listening...
Listening...
Listening...
Listening...
Listening...
Listening...
Listening...
Listening...
Listening...
Listening...
Listening...
Listening...
Listening...
Listening...
Listening...
Listening...
Listening...
Listening...
Listening...
Listening...
Listening...
Listening...
Listening...
Listening...
Listening...
Listening...
Listening...
Listening...
Listening...
Listening...
----触发小红小红----
[0m[ INFO] [1716728192.423041354]: ivw: ????????????[0m
Listening...
Listening...
Listening...
Listening...
Listening...
Listening...
Listening...
Listening...
Listening...
Listening...
Listening...
Listening...
Listening...
Listening...
Listening...
Listening...
Listening...
Listening...
Listening...
Listening...
Listening...
Listening...
Listening...
Listening...
Listening...
Listening...
Listening...
Listening...
Listening...
Listening...
Listening...
Listening...
Listening...
Listening...
Listening...
Listening...
Listening...
Listening...
Listening...
Listening...
Listening...
Listening...
Listening...
Listening...
Listening...
Listening...
Listening...
Listening...
Listening...
Listening...
Listening...
Listening...
Listening...
Listening...
Listening...
Listening...
Listening...
Listening...
Listening...
Listening...
Listening...
----触发小红小红----
[0m[ INFO] [1716728204.773342087]: ivw: ????????????[0m
Listening...
Listening...
Listening...
Listening...
Listening...
Listening...
Listening...
Listening...
Listening...
Listening...
Listening...
Listening...
Listening...
Listening...
Listening...
Listening...
Listening...
Listening...
Listening...
Listening...
Listening...
Listening...
Listening...
Listening...
Listening...
Listening...
Listening...
Listening...
Listening...
Listening...
Listening...
Listening...
Listening...
Listening...
Listening...
Listening...
Listening...
Listening...
Listening...
Listening...
Listening...
Listening...
Listening...
Listening...
Listening...
Listening...
Listening...
Listening...
Listening...
Listening...
Listening...
Listening...
Listening...
Listening...
Listening...
Listening...
Listening...
Listening...
Listening...
Listening...
Listening...
Listening...
Listening...
Listening...
Listening...
Listening...
Listening...
Listening...
Listening...
Listening...
Listening...
Listening...
Listening...
Listening...
Listening...
Listening...
Listening...
Listening...
Listening...
Listening...
Listening...
Listening...
Listening...
Listening...
Listening...
Listening...
Listening...
Listening...
Listening...
Listening...
Listening...
Listening...
Listening...
Listening...
Listening...
Listening...
Listening...
Listening...
Listening...
Listening...
Listening...
Listening...
Listening...
Listening...
Listening...
Listening...
Listening...
Listening...
Listening...
Listening...
Listening...
Listening...
Listening...
Listening...
Listening...
Listening...
Listening...
Listening...
Listening...
Listening...
Listening...
Listening...
Listening...
Listening...
Listening...
Listening...
Listening...
Listening...
Listening...
Listening...
Listening...
Listening...
Listening...
Listening...
Listening...
Listening...
Listening...
Listening...
Listening...
Listening...
Listening...
Listening...
Listening...
Listening...
Listening...
Listening...
Listening...
Listening...
Listening...
Listening...
Listening...
Listening...
Listening...
Listening...
Listening...
Listening...
Listening...
Listening...
Listening...
Listening...
Listening...
Listening...
Listening...
Listening...
Listening...
Listening...
Listening...
Listening...
----触发小红小红----
[0m[ INFO] [1716728238.417349038]: ivw: ????????????[0m
Listening...
Listening...
Listening...
Listening...
Listening...
Listening...
Listening...
Listening...
Listening...
Listening...
Listening...
Listening...
Listening...
Listening...
Listening...
Listening...
Listening...
Listening...
Listening...
Listening...
Listening...
Listening...
Listening...
Listening...
Listening...
Listening...
Listening...
Listening...
Listening...
Listening...
Listening...
Listening...
Listening...
Listening...
Listening...
Listening...
Listening...
Listening...
Listening...
Listening...
Listening...
Listening...
Listening...
Listening...
Listening...
Listening...
Listening...
Listening...
Listening...
Listening...
Listening...
Listening...
Listening...
Listening...
Listening...
Listening...
Listening...
Listening...
Listening...
Listening...
Listening...
Listening...
Listening...
Listening...
Listening...
Listening...
Listening...
Listening...
Listening...
Listening...
Listening...
Listening...
Listening...
Listening...
Listening...
Listening...
Listening...
Listening...
Listening...
Listening...
Listening...
Listening...
----触发小红小红----
[0m[ INFO] [1716728254.773377951]: ivw: ????????????[0m
Listening...
Listening...
Listening...
Listening...
Listening...
Listening...
Listening...
Listening...
Listening...
Listening...
Listening...
Listening...
Listening...
Listening...
Listening...
Listening...
Listening...
Listening...
Listening...
Listening...
Listening...
Listening...
Listening...
Listening...
Listening...
Listening...
Listening...
Listening...
Listening...
Listening...
Listening...
Listening...
Listening...
Listening...
Listening...
Listening...
Listening...
Listening...
Listening...
Listening...
Listening...
Listening...
Listening...
Listening...
Listening...
Listening...
Listening...
Listening...
Listening...
Listening...
Listening...
Listening...
Listening...
Listening...
Listening...
Listening...
Listening...
Listening...
Listening...
Listening...
Listening...
Listening...
Listening...
Listening...
Listening...
Listening...
Listening...
Listening...
Listening...
Listening...
Listening...
Listening...
Listening...
Listening...
Listening...
Listening...
Listening...
Listening...
Listening...
Listening...
Listening...
Listening...
Listening...
Listening...
Listening...
Listening...
Listening...
Listening...
Listening...
Listening...
Listening...
Listening...
Listening...
Listening...
Listening...
Listening...
Listening...
Listening...
Listening...
Listening...
Listening...
Listening...
Listening...
Listening...
Listening...
Listening...
Listening...
Listening...
Listening...
Listening...
Listening...
Listening...
Listening...
Listening...
Listening...
Listening...
Listening...
Listening...
Listening...
Listening...
Listening...
Listening...
Listening...
Listening...
Listening...
Listening...
Listening...
Listening...
Listening...
Listening...
Listening...
Listening...
Listening...
Listening...
Listening...
Listening...
Listening...
Listening...
Listening...
Listening...
Listening...
Listening...
Listening...
Listening...
Listening...
Listening...
Listening...
Listening...
Listening...
Listening...
Listening...
Listening...
Listening...
Listening...
Listening...
Listening...
Listening...
Listening...
Listening...
Listening...
Listening...
Listening...
Listening...
Listening...
Listening...
Listening...
Listening...
Listening...
Listening...
Listening...
Listening...
Listening...
Listening...
Listening...
Listening...
Listening...
Listening...
Listening...
Listening...
Listening...
Listening...
Listening...
Listening...
Listening...
Listening...
Listening...
Listening...
Listening...
Listening...
Listening...
Listening...
Listening...
Listening...
Listening...
Listening...
Listening...
Listening...
Listening...
Listening...
Listening...
Listening...
Listening...
Listening...
Listening...
Listening...
Listening...
Listening...
Listening...
Listening...
Listening...
Listening...
Listening...
Listening...
Listening...
Listening...
Listening...
----触发小红小红----
[0m[ INFO] [1716728298.045357717]: ivw: ????????????[0m
Listening...
Listening...
Listening...
Listening...
Listening...
Listening...
Listening...
Listening...
Listening...
Listening...
Listening...
Listening...
Listening...
Listening...
Listening...
Listening...
Listening...
Listening...
Listening...
Listening...
Listening...
Listening...
Listening...
Listening...
Listening...
Listening...
Listening...
Listening...
Listening...
Listening...
Listening...
Listening...
Listening...
Listening...
Listening...
Listening...
Listening...
Listening...
Listening...
Listening...
Listening...
Listening...
Listening...
Listening...
Listening...
Listening...
Listening...
Listening...
Listening...
Listening...
Listening...
Listening...
Listening...
Listening...
Listening...
Listening...
Listening...
Listening...
Listening...
Listening...
Listening...
Listening...
Listening...
Listening...
Listening...
Listening...
Listening...
Listening...
Listening...
Listening...
Listening...
Listening...
Listening...
Listening...
Listening...
Listening...
Listening...
Listening...
Listening...
Listening...
Listening...
Listening...
Listening...
Listening...
Listening...
Listening...
Listening...
Listening...
Listening...
Listening...
Listening...
Listening...
Listening...
Listening...
Listening...
Listening...
Listening...
Listening...
Listening...
Listening...
Listening...
Listening...
Listening...
Listening...
Listening...
Listening...
Listening...
Listening...
Listening...
Listening...
Listening...
Listening...
Listening...
Listening...
Listening...
Listening...
Listening...
Listening...
Listening...
Listening...
Listening...
Listening...
Listening...
Listening...
Listening...
Listening...
Listening...
Listening...
Listening...
----触发小红小红----
[0m[ INFO] [1716728323.858400622]: ivw: ????????????[0m
Listening...
Listening...
Listening...
Listening...
Listening...
Listening...
Listening...
Listening...
Listening...
Listening...
Listening...
Listening...
Listening...
Listening...
Listening...
Listening...
Listening...
Listening...
Listening...
Listening...
Listening...
Listening...
Listening...
Listening...
Listening...
Listening...
Listening...
Listening...
Listening...
Listening...
Listening...
Listening...
Listening...
Listening...
Listening...
Listening...
Listening...
Listening...
Listening...
Listening...
Listening...
Listening...
Listening...
Listening...
Listening...
Listening...
Listening...
Listening...
Listening...
Listening...
Listening...
Listening...
Listening...
Listening...
Listening...
Listening...
Listening...
Listening...
Listening...
Listening...
Listening...
Listening...
Listening...
Listening...
Listening...
Listening...
Listening...
Listening...
Listening...
Listening...
Listening...
Listening...
Listening...
Listening...
Listening...
----触发小红小红----
[0m[ INFO] [1716728338.918798793]: ivw: ????????????[0m
Listening...
Listening...
Listening...
Listening...
Listening...
Listening...
Listening...
Listening...
Listening...
Listening...
Listening...
Listening...
Listening...
Listening...
Listening...
Listening...
Listening...
Listening...
Listening...
Listening...
Listening...
Listening...
Listening...
Listening...
Listening...
Listening...
Listening...
Listening...
Listening...
Listening...
Listening...
2024-05-26:20:59:05.151 Tx030B63 [32mINFO[0m authFileUpdateMain              487 start async check
2024-05-26:20:59:05.186 Tx030B63 [32mINFO[0m startOnlineAuthRequest         1296 start async online license activate
2024-05-26:20:59:05.262 Tx030B63 [32mINFO[0m resolveHost                     454 dns mode:0
2024-05-26:20:59:05.262 Tx030B63 [32mINFO[0m getNameServerResult             320 found ns! xns.xf-yun.com
2024-05-26:20:59:05.262 Tx030B81 [33mWARN[0m httpCallback                    500 wsi:0x7f9b24007868 conn ptr is NULL,ignore this reason:71
2024-05-26:20:59:05.262 Tx030B81 [33mWARN[0m httpCallback                    500 wsi:0x7f9b040013d0 conn ptr is NULL,ignore this reason:85
Listening...
Listening...
2024-05-26:20:59:05.484 Tx030B63 [33mWARN[0m parseResultToAddressList        723 [cn-huabei-1-lg.xf-yun.com] IP list is empty!
2024-05-26:20:59:05.484 Tx030B63 [32mINFO[0m resolveLocalDns                 764 dns resolve aee.xf-yun.com as [114.118.65.75, 114.118.65.86, 114.118.65.88, 114.118.67.62, 114.118.65.87, 114.118.67.61]
2024-05-26:20:59:05.484 Tx030B63 [32mINFO[0m resolveLocalDns                 764 dns resolve cn-huabei-1-lg.xf-yun.com as [114.118.65.86, 114.118.65.75, 114.118.65.88, 114.118.65.87]
2024-05-26:20:59:05.484 Tx030B63 [32mINFO[0m genLicenseField                 202 timestamp is 1716728345
2024-05-26:20:59:05.484 Tx030B63 [32mINFO[0m addSessionPingInfo             1277 start to get ping host ip info 114.118.65.75.
2024-05-26:20:59:05.484 Tx030B8F [33mWARN[0m httpCallback                    500 wsi:0x7f9b2400daa8 conn ptr is NULL,ignore this reason:71
2024-05-26:20:59:05.484 Tx030B8F [33mWARN[0m httpCallback                    500 wsi:0x7f9af8000ba0 conn ptr is NULL,ignore this reason:85
Listening...
2024-05-26:20:59:05.717 Tx030B63 [32mINFO[0m onSignResponse                  316 auth request succeed
2024-05-26:20:59:05.717 Tx030B63 [32mINFO[0m formatV2                        445 ValidLen:4022,PayLen:3470,SigLen:512,SchemaLen:2138,RelationLen:36,LicenseLen:1290,ConfigLen:0
2024-05-26:20:59:05.719 Tx030B63 [33mWARN[0m reload                          790 same version and checksum, no update required
2024-05-26:20:59:05.719 Tx030B63 [33mWARN[0m onSignSuccess                   601 reloadParser ret: 0
2024-05-26:20:59:05.760 Tx030B81 [33mWARN[0m httpCallback                    500 wsi:0x7f9b24007868 conn ptr is NULL,ignore this reason:71
2024-05-26:20:59:05.760 Tx030B81 [33mWARN[0m httpCallback                    500 wsi:0x7f9b040013d0 conn ptr is NULL,ignore this reason:85
Listening...
Listening...
Listening...
Listening...
Listening...
Listening...
Listening...
Listening...
Listening...
Listening...
Listening...
Listening...
2024-05-26:20:59:08.124 Tx030B63 [32mINFO[0m uploadMetricTask                644 metrics sid is lat000dd45d@dx18fb4fbbdcba44d812
Listening...
Listening...
Listening...
Listening...
Listening...
Listening...
Listening...
Listening...
Listening...
Listening...
Listening...
Listening...
Listening...
Listening...
Listening...
Listening...
Listening...
Listening...
Listening...
Listening...
Listening...
Listening...
Listening...
Listening...
Listening...
Listening...
Listening...
Listening...
Listening...
Listening...
Listening...
Listening...
Listening...
Listening...
Listening...
Listening...
Listening...
Listening...
Listening...
Listening...
Listening...
Listening...
Listening...
Listening...
Listening...
Listening...
Listening...
Listening...
Listening...
Listening...
Listening...
Listening...
Listening...
Listening...
Listening...
Listening...
Listening...
Listening...
Listening...
Listening...
Listening...
Listening...
Listening...
Listening...
Listening...
Listening...
Listening...
Listening...
Listening...
Listening...
Listening...
Listening...
Listening...
Listening...
Listening...
Listening...
Listening...
Listening...
Listening...
Listening...
Listening...
Listening...
Listening...
Listening...
Listening...
Listening...
Listening...
Listening...
Listening...
Listening...
Listening...
Listening...
Listening...
Listening...
Listening...
Listening...
Listening...
Listening...
Listening...
Listening...
Listening...
Listening...
Listening...
Listening...
Listening...
Listening...
Listening...
Listening...
Listening...
Listening...
Listening...
Listening...
Listening...
Listening...
Listening...
Listening...
Listening...
Listening...
Listening...
Listening...
Listening...
Liste