Simple mixer control 'Master',0
  Capabilities: pvolume pswitch
  Playback channels: Front Left - Front Right
  Limits: Playback 0 - 87
  Mono:
  Front Left: Playback 87 [100%] [0.00dB] [on]
  Front Right: Playback 87 [100%] [0.00dB] [on]
[0;36mKill all port forwarding.[0m
检查以 'ssh -N -L 8000' 开头的 SSH 进程...
没有找到任何以 'ssh -N -L 8000' 开头的进程。
检查运行脚本 'task3_ssh_port_forwarding.sh' 的进程...
没有找到任何以 '/bin/bash ./task3_ssh_port_forwarding.sh' 开头的进程。
检查以 'ssh -N -L 8000' 开头的 SSH 进程...
没有找到任何以 'ssh -N -L 8000' 开头的进程。
检查运行脚本 'task3_ssh_port_forwarding.sh' 的进程...
没有找到任何以 '/bin/bash ./task3_ssh_port_forwarding.sh' 开头的进程。
[0;36mStarting Roscore...[0m
Roscore is already running.
[0;36mStarting Voice Microphone...[0m
'voice microphone' is running.
[0;36mSSH port forwarding started in background.[0m
[0;36mStarting Clash and Proxy...[0m
Clash and proxy commands completed successfully.
mic_appID9f99c459
mic_apiKeyf9306df2a41d6e863e4b9acbd6467d62
mic_apiSecretMjlmMjFkNjA2MDMzNjk4Mjk2ZTJkNDEy
2024-05-27:22:41:07.072 Tx00CA41 [32mINFO[0m AEE_Init                        194 workDir is ./
2024-05-27:22:41:07.072 Tx00CA41 [32mINFO[0m AEE_Init                        199 licenseFile path is 
2024-05-27:22:41:07.072 Tx00CA41 [32mINFO[0m AEE_Init                        200 authBatch is (null)
2024-05-27:22:41:07.072 Tx00CA41 [32mINFO[0m AEE_Init                        201 userdefined device id is (null)
2024-05-27:22:41:07.072 Tx00CA41 [32mINFO[0m AEE_Init                        202 sdk mode: net mode
2024-05-27:22:41:07.073 Tx00CA41 [35mCRIT[0m init                            987 framework version is 2.2.15_rc1
2024-05-27:22:41:07.073 Tx00CA41 [35mCRIT[0m init                            989 appid is 9f99c459
2024-05-27:22:41:07.073 Tx00CA41 [35mCRIT[0m init                            994 auth type is 0,platform is 4, arch is 4
2024-05-27:22:41:07.073 Tx00CA71 [32mINFO[0m WCMainLoop                     2039 succeed to start WCMainLoop.
2024-05-27:22:41:07.073 Tx00CA41 [32mINFO[0m setCustomDeviceIDPartWeight     941 use default device id part weight
2024-05-27:22:41:07.073 Tx00CA41 [32mINFO[0m getDeviceLevel                 1798 cached device level 2
2024-05-27:22:41:07.073 Tx00CA41 [35mCRIT[0m init                           1048 device security level is 2
2024-05-27:22:41:07.073 Tx00CA41 [32mINFO[0m init                           1051 auth mode: compete auth, registed abilities: e867a88f2;
2024-05-27:22:41:07.073 Tx00CA41 [32mINFO[0m getDeviceId                     850 PARTA:36,PARTD:0
2024-05-27:22:41:07.073 Tx00CA41 [32mINFO[0m getDeviceId                     868 PARTB:1 is 48:21:0b:60:8a:d8
2024-05-27:22:41:07.093 Tx00CA41 [32mINFO[0m getDeviceId                     874 PARTC:1 
2024-05-27:22:41:07.094 Tx00CA41 [35mCRIT[0m checkDeviceChanged              756 cached device is c887604519435269749c520361c6dc24bd98f9e7ac8be2d19adaf0cb80195552fecd8caebd841f49620cdbc982113147a1da699f25e7d1d29b4a07208557f4a4fe52d8a51bff08875f20db06a58b4d3d
2024-05-27:22:41:07.094 Tx00CA41 [35mCRIT[0m storeDevice                    1778 start store device c887604519435269749c520361c6dc24bd98f9e7ac8be2d19adaf0cb80195552fecd8caebd841f49620cdbc982113147a1da699f25e7d1d29b4a07208557f4a4fe52d8a51bff08875f20db06a58b4d3d
2024-05-27:22:41:07.094 Tx00CA41 [32mINFO[0m setKey                          110 store 8457,8457 device success
2024-05-27:22:41:07.094 Tx00CA41 [32mINFO[0m localAuthStorageCheck          1260 start cached license check
2024-05-27:22:41:07.095 Tx00CA41 [32mINFO[0m formatV2                        445 ValidLen:4026,PayLen:3470,SigLen:512,SchemaLen:2138,RelationLen:36,LicenseLen:1290,ConfigLen:0
2024-05-27:22:41:07.097 Tx00CA41 [32mINFO[0m init                            645 parser init ret:0
2024-05-27:22:41:07.097 Tx00CA41 [32mINFO[0m generalCheck                    907 protocol general check ret:0
2024-05-27:22:41:07.097 Tx00CA41 [32mINFO[0m localAuthStorageCheck          1279 start update local timestamp
2024-05-27:22:41:07.102 Tx00CA41 [32mINFO[0m setKey                          110 store 8457,8457 license success
2024-05-27:22:41:07.102 Tx00CA41 [32mINFO[0m localAuthStorageCheck          1287 local cached license check ret:0
2024-05-27:22:41:07.102 Tx00CA41 [32mINFO[0m softAuthActivate                883 local cached license parse succeed
2024-05-27:22:41:07.103 Tx00CA72 [32mINFO[0m authFileUpdateMain              474 async check thread start
2024-05-27:22:41:07.103 Tx00CA41 [35mCRIT[0m AEE_Init                        287 AEE_Init ret 0, cost 30.700689 ms
2024-05-27:22:41:07.103 Tx00CA41 [32mINFO[0m loadEngine                      220 loading engine: ef7d69542, versionIdx: 0, libname: ef7d69542_v1009_aee.so
2024-05-27:22:41:07.104 Tx00CA41 [32mINFO[0m formatV2                        445 ValidLen:4026,PayLen:3470,SigLen:512,SchemaLen:2138,RelationLen:36,LicenseLen:1290,ConfigLen:0
2024-05-27:22:41:07.106 Tx00CA41 [32mINFO[0m init                            645 parser init ret:0
2024-05-27:22:41:07.106 Tx00CA41 [35mCRIT[0m AEE_EngineInit                  346 AEE_E[0;36mSetting Microphone Configuration...[0m
Microphone set successfully.
Source number found: 1
Successfully set default source to 1.
[0;36mAll scripts executed successfully.[0m
ngineInit:e867a88f2 ret 0
AIKIT_LoadData start!
2024-05-27:22:41:07.107 Tx00CA41 [32mINFO[0m init                             65 ability:e867a88f2 init success
2024-05-27:22:41:07.116 Tx00CA41 [33mWARN[0m getResourceFilePath             408 can't find full-matched resource, resource:IVW_KEYWORD_1, version:1.0.1, use partial-matched path: ./src/voice_pkg/src/kedaxunfei_ivw/resource/IVW_KEYWORD_1
2024-05-27:22:41:07.116 Tx00CA41 [32mINFO[0m loadCommonResource               94 load resource:IVW_KEYWORD_1, id:0, version:1.0.1, path:./src/voice_pkg/src/kedaxunfei_ivw/resource/IVW_KEYWORD_1
2024-05-27:22:41:07.117 Tx00CA41 [32mINFO[0m formatV2                        445 ValidLen:4026,PayLen:3470,SigLen:512,SchemaLen:2138,RelationLen:36,LicenseLen:1290,ConfigLen:0
2024-05-27:22:41:07.117 Tx00CA41 [32mINFO[0m init                            645 parser init ret:0
2024-05-27:22:41:07.123 Tx00CA41 [33mWARN[0m getResourceFilePath             408 can't find full-matched resource, resource:IVW_MLP_1, version:1.0.2, use partial-matched path: ./src/voice_pkg/src/kedaxunfei_ivw/resource/IVW_MLP_1
2024-05-27:22:41:07.123 Tx00CA41 [32mINFO[0m loadCommonResource               94 load resource:IVW_MLP_1, id:1, version:1.0.2, path:./src/voice_pkg/src/kedaxunfei_ivw/resource/IVW_MLP_1
2024-05-27:22:41:07.123 Tx00CA41 [32mINFO[0m formatV2                        445 ValidLen:4026,PayLen:3470,SigLen:512,SchemaLen:2138,RelationLen:36,LicenseLen:1290,ConfigLen:0
2024-05-27:22:41:07.123 Tx00CA41 [32mINFO[0m init                            645 parser init ret:0
2024-05-27:22:41:07.130 Tx00CA72 [32mINFO[0m startOnlineAuthRequest         1296 start async online license activate
2024-05-27:22:41:07.135 Tx00CA41 [33mWARN[0m getResourceFilePath             408 can't find full-matched resource, resource:IVW_FILLER_1, version:1.0.2, use partial-matched path: ./src/voice_pkg/src/kedaxunfei_ivw/resource/IVW_FILLER_1
2024-05-27:22:41:07.135 Tx00CA41 [32mINFO[0m loadCommonResource               94 load resource:IVW_FILLER_1, id:2, version:1.0.2, path:./src/voice_pkg/src/kedaxunfei_ivw/resource/IVW_FILLER_1
2024-05-27:22:41:07.135 Tx00CA41 [32mINFO[0m formatV2                        445 ValidLen:4026,PayLen:3470,SigLen:512,SchemaLen:2138,RelationLen:36,LicenseLen:1290,ConfigLen:0
2024-05-27:22:41:07.136 Tx00CA41 [32mINFO[0m init                            645 parser init ret:0
2024-05-27:22:41:07.139 Tx00CA41 [35mCRIT[0m AEE_LoadData                    496 AEE_LoadData:e867a88f2 ret 0
AIKIT_LoadData end!
AIKIT_LoadData:0
2024-05-27:22:41:07.139 Tx00CA41 [35mCRIT[0m AEE_SpecifyDataSet              723 AEE_SpecifyDataSet:e867a88f2 ret 0
AIKIT_SpecifyDataSet:0
2024-05-27:22:41:07.139 Tx00CA41 [32mINFO[0m AEE_Start                       764 start a new session , type is 4
2024-05-27:22:41:07.143 Tx00CA41 [33mWARN[0m getResourceFilePath             408 can't find full-matched resource, resource:IVW_GRAM_1, version:1.0.2, use partial-matched path: ./src/voice_pkg/src/kedaxunfei_ivw/resource/IVW_GRAM_1
2024-05-27:22:41:07.143 Tx00CA41 [32mINFO[0m loadParamResource               146 size:1 load resource:./src/voice_pkg/src/kedaxunfei_ivw/resource/IVW_GRAM_1, version: 1.0.2, id is 3
2024-05-27:22:41:07.143 Tx00CA41 [32mINFO[0m formatV2                        445 ValidLen:4026,PayLen:3470,SigLen:512,SchemaLen:2138,RelationLen:36,LicenseLen:1290,ConfigLen:0
2024-05-27:22:41:07.144 Tx00CA41 [32mINFO[0m init                            645 parser init ret:0
2024-05-27:22:41:07.156 Tx00CA72 [32mINFO[0m resolveHost                     454 dns mode:0
2024-05-27:22:41:07.156 Tx00CA72 [33mWARN[0m getNameServerResult             308 cannot find "xns.xf-yun.com"'s IP, ipList is empty
2024-05-27:22:41:07.180 Tx00CA41 [32mINFO[0m loadParamResource               155 resource ./src/voice_pkg/src/kedaxunfei_ivw/resource/IVW_GRAM_1 was loaded!
2024-05-27:22:41:07.180 Tx00CA41 [32mINFO[0m start                           223 Session start:0 e867a88f2 this:0x5610c85d8628
AIKIT_Start:0
2024-05-27:22:41:07.214 Tx00CA72 [32mINFO[0m getNameServerResult             309 dns resolve xns.xf-yun.com as [101.200.180.128]
2024-05-27:22:41:07.232 Tx00CA72 [33mWARN[0m httpCallback                    500 wsi:0x7f6040007868 conn ptr is NULL,ignore this reason:21
2024-05-27:22:41:07.232 Tx00CA72 [32mINFO[0m LWSContext                      111 create:2 context ok! Context:0x7f6040005ad0 ops:0x7f60400030f0
2024-05-27:22:41:07.232 Tx00CA82 [33mWARN[0m httpCallback                    500 wsi:0x7f60267fb760 conn ptr is NULL,ignore this reason:27
2024-05-27:22:41:07.232 Tx00CA82 [33mWARN[0m httpCallback                    500 wsi:0x7f6040007868 conn ptr is NULL,ignore this reason:71
2024-05-27:22:41:07.233 Tx00CA82 [33mWARN[0m httpCallback                    500 wsi:0x7f6040007868 conn ptr is NULL,ignore this reason:71
2024-05-27:22:41:07.233 Tx00CA82 [33mWARN[0m httpCallback                    500 wsi:0x7f6040007868 conn ptr is NULL,ignore this reason:71
2024-05-27:22:41:07.333 Tx00CA82 [33mWARN[0m httpCallback                    500 wsi:0x7f60200013d0 conn ptr is NULL,ignore this reason:85
Listening...
2024-05-27:22:41:07.392 Tx00CA72 [33mWARN[0m parseResultToAddressList        723 [cn-huabei-1-lg.xf-yun.com] IP list is empty!
2024-05-27:22:41:07.462 Tx00CA72 [32mINFO[0m resolveLocalDns                 764 dns resolve aee.xf-yun.com as [114.118.67.62, 114.118.65.88, 114.118.65.75, 114.118.65.87, 114.118.65.86, 114.118.67.61]
2024-05-27:22:41:07.520 Tx00CA72 [32mINFO[0m resolveLocalDns                 764 dns resolve cn-huabei-1-lg.xf-yun.com as [114.118.65.86, 114.118.65.87, 114.118.65.88, 114.118.65.75]
2024-05-27:22:41:07.520 Tx00CA72 [32mINFO[0m genLicenseField                 202 timestamp is 1716820867
2024-05-27:22:41:07.521 Tx00CA72 [32mINFO[0m addSessionPingInfo             1277 start to get ping host ip info 114.118.65.87.
2024-05-27:22:41:07.533 Tx00CA72 [33mWARN[0m httpCallback                    500 wsi:0x7f604000da18 conn ptr is NULL,ignore this reason:21
2024-05-27:22:41:07.533 Tx00CA72 [32mINFO[0m LWSContext                      111 create:3 context ok! Context:0x7f604000bc80 ops:0x7f604000bb10
2024-05-27:22:41:07.533 Tx00CA8E [33mWARN[0m httpCallback                    500 wsi:0x7f601fffe540 conn ptr is NULL,ignore this reason:27
2024-05-27:22:41:07.533 Tx00CA8E [33mWARN[0m httpCallback                    500 wsi:0x7f6014000ba0 conn ptr is NULL,ignore this reason:85
2024-05-27:22:41:07.533 Tx00CA8E [33mWARN[0m httpCallback                    500 wsi:0x7f604000da18 conn ptr is NULL,ignore this reason:71
Listening...
Listening...
Listening...
Listening...
Listening...
Listening...
Listening...
Listening...
Listening...
Listening...
Listening...
Listening...
Listening...
Listening...
Listening...
Listening...
2024-05-27:22:41:10.686 Tx00CA72 [32mINFO[0m onSignResponse                  316 auth request succeed
2024-05-27:22:41:10.686 Tx00CA72 [32mINFO[0m formatV2                        445 ValidLen:4022,PayLen:3470,SigLen:512,SchemaLen:2138,RelationLen:36,LicenseLen:1290,ConfigLen:0
2024-05-27:22:41:10.686 Tx00CA72 [33mWARN[0m reload                          790 same version and checksum, no update required
2024-05-27:22:41:10.686 Tx00CA72 [33mWARN[0m onSignSuccess                   601 reloadParser ret: 0
2024-05-27:22:41:10.713 Tx00CA82 [33mWARN[0m httpCallback                    500 wsi:0x7f6040007868 conn ptr is NULL,ignore this reason:71
2024-05-27:22:41:10.713 Tx00CA82 [33mWARN[0m httpCallback                    500 wsi:0x7f60200013d0 conn ptr is NULL,ignore this reason:85
2024-05-27:22:41:10.765 Tx00CA72 [32mINFO[0m uploadMetricTask                644 metrics sid is lat000f749f@dx18fba7f8661a4bb812
Listening...
Listening...
Listening...
Listening...
Listening...
Listening...
Listening...
Listening...
Listening...
Listening...
Listening...
Listening...
Listening...
Listening...
Listening...
Listening...
Listening...
Listening...
Listening...
Listening...
Listening...
Listening...
Listening...
Listening...
Listening...
Listening...
Listening...
Listening...
Listening...
Listening...
Listening...
Listening...
Listening...
Listening...
Listening...
Listening...
Listening...
Listening...
Listening...
Listening...
Listening...
Listening...
Listening...
Listening...
Listening...
Listening...
Listening...
Listening...
Listening...
Listening...
Listening...
Listening...
----触发小红小红----
[0m[ INFO] [1716820881.129850709]: ivw: ????????????[0m
Listening...
Listening...
Listening...
Listening...
Listening...
Listening...
Listening...
Listening...
Listening...
Listening...
Listening...
Listening...
Listening...
Listening...
Listening...
Listening...
Listening...
Listening...
Listening...
Listening...
Listening...
Listening...
Listening...
Listening...
Listening...
Listening...
Listening...
Listening...
Listening...
Listening...
Listening...
Listening...
Listening...
Listening...
Listening...
Listening...
Listening...
Listening...
Listening...
Listening...
Listening...
Listening...
Listening...
Listening...
Listening...
Listening...
Listening...
Listening...
----触发小红小红----
[0m[ INFO] [1716820890.707590695]: ivw: ????????????[0m
Listening...
Listening...
Listening...
Listening...
Listening...
Listening...
Listening...
Listening...
Listening...
Listening...
Listening...
Listening...
Listening...
Listening...
Listening...
Listening...
Listening...
Listening...
Listening...
Listening...
Listening...
Listening...
Listening...
Listening...
Listening...
Listening...
Listening...
Listening...
Listening...
Listening...
Listening...
Listening...
Listening...
Listening...
Listening...
Listening...
Listening...
Listening...
Listening...
Listening...
Listening...
Listening...
Listening...
Listening...
Listening...
Listening...
Listening...
Listening...
Listening...
Listening...
Listening...
Listening...
Listening...
Listening...
Listening...
Listening...
Listening...
Listening...
Listening...
Listening...
Listening...
Listening...
Listening...
Listening...
Listening...
Listening...
Listening...
Listening...
Listening...
Listening...
Listening...
Listening...
Listening...
Listening...
Listening...
Listening...
Listening...
Listening...
Listening...
Listening...
Listening...
Listening...
Listening...
Listening...
Listening...
Listening...
----触发小红小红----
[0m[ INFO] [1716820907.889122088]: ivw: ????????????[0m
Listening...
Listening...
Listening...
Listening...
Listening...
Listening...
Listening...
Listening...
Listening...
Listening...
Listening...
Listening...
Listening...
Listening...
Listening...
Listening...
Listening...
Listening...
Listening...
Listening...
Listening...
Listening...
Listening...
Listening...
Listening...
Listening...
Listening...
Listening...
Listening...
Listening...
Listening...
Listening...
Listening...
Listening...
Listening...
Listening...
Listening...
Listening...
Listening...
Listening...
Listening...
Listening...
Listening...
Listening...
Listening...
Listening...
Listening...
Listening...
Listening...
Listening...
Listening...
Listening...
Listening...
Listening...
Listening...
Listening...
Listening...
Listening...
Listening...
Listening...
Listening...
Listening...
Listening...
Listening...
Listening...
Listening...
Listening...
Listening...
Listening...
Listening...
Listening...
Listening...
Listening...
----触发小红小红----
[0m[ INFO] [1716820922.629835419]: ivw: ????????????[0m
Listening...
Listening...
Listening...
Listening...
Listening...
Listening...
Listening...
Listening...
Listening...
Listening...
Listening...
Listening...
Listening...
Listening...
Listening...
Listening...
Listening...
Listening...
Listening...
Listening...
Listening...
Listening...
Listening...
Listening...
Listening...
Listening...
Listening...
Listening...
Listening...
Listening...
Listening...
Listening...
Listening...
Listening...
Listening...
Listening...
Listening...
Listening...
Listening...
Listening...
Listening...
Listening...
Listening...
Listening...
Listening...
Listening...
Listening...
Listening...
Listening...
Listening...
Listening...
Listening...
Listening...
Listening...
Listening...
Listening...
Listening...
Listening...
Listening...
Listening...
Listening...
Listening...
Listening...
Listening...
Listening...
Listening...
Listening...
Listening...
Listening...
Listening...
Listening...
Listening...
Listening...
Listening...
Listening...
Listening...
Listening...
Listening...
Listening...
Listening...
Listening...
Listening...
Listening...
Listening...
Listening...
Listening...
Listening...
Listening...
Listening...
Listening...
----触发小红小红----
[0m[ INFO] [1716820940.523416392]: ivw: ????????????[0m
Listening...
Listening...
Listening...
Listening...
Listening...
Listening...
Listening...
Listening...
Listening...
Listening...
Listening...
Listening...
Listening...
Listening...
Listening...
Listening...
Listening...
Listening...
Listening...
Listening...
Listening...
Listening...
Listening...
Listening...
Listening...
Listening...
Listening...
Listening...
Listening...
Listening...
Listening...
Listening...
Listening...
Listening...
Listening...
Listening...
Listening...
Listening...
Listening...
Listening...
Listening...
Listening...
Listening...
Listening...
Listening...
Listening...
Listening...
Listening...
Listening...
Listening...
Listening...
Listening...
Listening...
Listening...
Listening...
Listening...
Listening...
Listening...
Listening...
Listening...
Listening...
Listening...
Listening...
Listening...
Listening...
Listening...
Listening...
Listening...
Listening...
Listening...
Listening...
Listening...
Listening...
Listening...
Listening...
Listening...
Listening...
Listening...
Listening...
Listening...
Listening...
Listening...
Listening...
Listening...
Listening...
----触发小红小红----
[0m[ INFO] [1716820957.558525639]: ivw: ????????????[0m
Listening...
Listening...
Listening...
Listening...
Listening...
Listening...
Listening...
Listening...
Listening...
Listening...
Listening...
Listening...
Listening...
Listening...
Listening...
Listening...
Listening...
Listening...
Listening...
Listening...
Listening...
Listening...
Listening...
Listening...
Listening...
Listening...
Listening...
Listening...
Listening...
Listening...
Listening...
Listening...
Listening...
Listening...
Listening...
Listening...
Listening...
Listening...
Listening...
Listening...
Listening...
Listening...
Listening...
Listening...
Listening...
Listening...
Listening...
Listening...
Listening...
Listening...
Listening...
Listening...
Listening...
----触发小红小红----
[0m[ INFO] [1716820968.291095206]: ivw: ????????????[0m
Listening...
Listening...
Listening...
Listening...
Listening...
Listening...
Listening...
Listening...
Listening...
Listening...
Listening...
Listening...
Listening...
Listening...
Listening...
Listening...
Listening...
Listening...
Listening...
Listening...
Listening...
Listening...
Listening...
Listening...
Listening...
Listening...
Listening...
Listening...
Listening...
Listening...
Listening...
Listening...
Listening...
Listening...
Listening...
Listening...
Listening...
Listening...
Listening...
Listening...
Listening...
Listening...
Listening...
Listening...
Listening...
Listening...
Listening...
Listening...
Listening...
Listening...
Listening...
----触发小红小红----
[0m[ INFO] [1716820978.441974005]: ivw: ????????????[0m
Listening...
Listening...
Listening...
Listening...
Listening...
Listening...
Listening...
Listening...
Listening...
Listening...
Listening...
Listening...
Listening...
Listening...
Listening...
Listening...
Listening...
Listening...
Listening...
Listening...
Listening...
Listening...
Listening...
Listening...
Listening...
Listening...
Listening...
Listening...
Listening...
Listening...
Listening...
Listening...
Listening...
Listening...
Listening...
Listening...
Listening...
Listening...
Listening...
Listening...
Listening...
Listening...
Listening...
Listening...
Listening...
Listening...
Listening...
Listening...
Listening...
Listening...
Listening...
Listening...
----触发小红小红----
[0m[ INFO] [1716820988.897151971]: ivw: ????????????[0m
Listening...
Listening...
Listening...
Listening...
Listening...
Listening...
Listening...
Listening...
Listening...
Listening...
Listening...
Listening...
Listening...
Listening...
Listening...
Listening...
Listening...
Listening...
Listening...
Listening...
Listening...
Listening...
Listening...
Listening...
Listening...
Listening...
Listening...
Listening...
Listening...
Listening...
Listening...
Listening...
Listening...
Listening...
Listening...
Listening...
Listening...
Listening...
Listening...
Listening...
Listening...
Listening...
Listening...
Listening...
Listening...
Listening...
Listening...
Listening...
Listening...
Listening...
Listening...
Listening...
Listening...
Listening...
Listening...
Listening...
Listening...
Listening...
Listening...
Listening...
Listening...
Listening...
Listening...
Listening...
Listening...
Listening...
Listening...
Listening...
Listening...
Listening...
Listening...
Listening...
Listening...
Listening...
Listening...
Listening...
Listening...
Listening...
Listening...
----触发小红小红----
[0m[ INFO] [1716821004.647268271]: ivw: ????????????[0m
Listening...
Listening...
Listening...
Listening...
Listening...
Listening...
Listening...
Listening...
Listening...
Listening...
Listening...
Listening...
Listening...
Listening...
Listening...
Listening...
Listening...
Listening...
Listening...
Listening...
Listening...
Listening...
Listening...
Listening...
Listening...
Listening...
Listening...
Listening...
Listening...
Listening...
Listening...
Listening...
Listening...
Listening...
Listening...
Listening...
Listening...
Listening...
Listening...
Listening...
Listening...
Listening...
Listening...
Listening...
Listening...
Listening...
Listening...
Listening...
Listening...
Listening...
Listening...
Listening...
Listening...
Listening...
Listening...
Listening...
Listening...
Listening...
Listening...
Listening...
Listening...
Listening...
Listening...
Listening...
Listening...
Listening...
Listening...
Listening...
Listening...
Listening...
Listening...
Listening...
Listening...
Listening...
Listening...
Listening...
Listening...
Listening...
Listening...
----触发小红小红----
[0m[ INFO] [1716821020.534170615]: ivw: ????????????[0m
Listening...
Listening...
Listening...
Listening...
Listening...
Listening...
Listening...
Listening...
Listening...
Listening...
Listening...
Listening...
Listening...
Listening...
Listening...
Listening...
Listening...
Listening...
Listening...
Listening...
Listening...
Listening...
Listening...
Listening...
Listening...
Listening...
Listening...
Listening...
Listening...
Listening...
Listening...
Listening...
Listening...
Listening...
Listening...
Listening...
Listening...
Listening...
Listening...
Listening...
Listening...
Listening...
Listening...
Listening...
Listening...
Listening...
Listening...
Listening...
Listening...
Listening...
Listening...
Listening...
Listening...
Listening...
Listening...
Listening...
----触发小红小红----
[0m[ INFO] [1716821031.842919688]: ivw: ????????????[0m
Listening...
Listening...
Listening...
Listening...
Listening...
Listening...
Listening...
Listening...
Listening...
Listening...
Listening...
Listening...
Listening...
Listening...
Listening...
Listening...
Listening...
Listening...
Listening...
Listening...
Listening...
Listening...
Listening...
Listening...
Listening...
Listening...
Listening...
Listening...
Listening...
Listening...
Listening...
Listening...
Listening...
Listening...
Listening...
Listening...
Listening...
Listening...
Listening...
Listening...
Listening...
Listening...
Listening...
Listening...
Listening...
Listening...
Listening...
Listening...
Listening...
Listening...
Listening...
Listening...
Listening...
Listening...
Listening...
Listening...
Listening...
Listening...
Listening...
Listening...
Listening...
----触发小红小红----
[0m[ INFO] [1716821044.010576971]: ivw: ????????????[0m
Listening...
Listening...
Listening...
Listening...
Listening...
Listening...
Listening...
Listening...
Listening...
Listening...
Listening...
Listening...
Listening...
Listening...
Listening...
Listening...
Listening...
Listening...
Listening...
Listening...
Listening...
Listening...
Listening...
Listening...
Listening...
Listening...
Listening...
Listen