[0;36mKill all port forwarding.[0m
检查以 'ssh -N -L 8000' 开头的 SSH 进程...
没有找到任何以 'ssh -N -L 8000' 开头的进程。
检查运行脚本 'task3_ssh_port_forwarding.sh' 的进程...
没有找到任何以 '/bin/bash ./task3_ssh_port_forwarding.sh' 开头的进程。
检查以 'ssh -N -L 8000' 开头的 SSH 进程...
没有找到任何以 'ssh -N -L 8000' 开头的进程。
检查运行脚本 'task3_ssh_port_forwarding.sh' 的进程...
没有找到任何以 '/bin/bash ./task3_ssh_port_forwarding.sh' 开头的进程。
[0;36mStarting Roscore...[0m
Roscore is already running.
[0;36mStarting Voice Microphone...[0m
'voice microphone' is running.
[0;36mSSH port forwarding started in background.[0m
[0;36mStarting Clash and Proxy...[0m
Clash and proxy commands completed successfully.
mic_appID9f99c459
mic_apiKeyf9306df2a41d6e863e4b9acbd6467d62
mic_apiSecretMjlmMjFkNjA2MDMzNjk4Mjk2ZTJkNDEy
2024-05-26:21:23:00.960 Tx047CCE [32mINFO[0m AEE_Init                        194 workDir is ./
2024-05-26:21:23:00.960 Tx047CCE [32mINFO[0m AEE_Init                        199 licenseFile path is 
2024-05-26:21:23:00.960 Tx047CCE [32mINFO[0m AEE_Init                        200 authBatch is (null)
2024-05-26:21:23:00.960 Tx047CCE [32mINFO[0m AEE_Init                        201 userdefined device id is (null)
2024-05-26:21:23:00.960 Tx047CCE [32mINFO[0m AEE_Init                        202 sdk mode: net mode
2024-05-26:21:23:00.961 Tx047CCE [35mCRIT[0m init                            987 framework version is 2.2.15_rc1
2024-05-26:21:23:00.961 Tx047CCE [35mCRIT[0m init                            989 appid is 9f99c459
2024-05-26:21:23:00.961 Tx047D0C [32mINFO[0m WCMainLoop                     2039 succeed to start WCMainLoop.
2024-05-26:21:23:00.961 Tx047CCE [35mCRIT[0m init                            994 auth type is 0,platform is 4, arch is 4
2024-05-26:21:23:00.961 Tx047CCE [32mINFO[0m setCustomDeviceIDPartWeight     941 use default device id part weight
2024-05-26:21:23:00.961 Tx047CCE [32mINFO[0m getDeviceLevel                 1798 cached device level 2
2024-05-26:21:23:00.961 Tx047CCE [35mCRIT[0m init                           1048 device security level is 2
2024-05-26:21:23:00.961 Tx047CCE [32mINFO[0m init                           1051 auth mode: compete auth, registed abilities: e867a88f2;
2024-05-26:21:23:00.961 Tx047CCE [32mINFO[0m getDeviceId                     850 PARTA:36,PARTD:0
2024-05-26:21:23:00.962 Tx047CCE [32mINFO[0m getDeviceId                     868 PARTB:1 is 48:21:0b:60:8a:d8
2024-05-26:21:23:00.979 Tx047CCE [32mINFO[0m getDeviceId                     874 PARTC:1 
2024-05-26:21:23:00.980 Tx047CCE [35mCRIT[0m checkDeviceChanged              756 cached device is c887604519435269749c520361c6dc24bd98f9e7ac8be2d19adaf0cb80195552fecd8caebd841f49620cdbc982113147a1da699f25e7d1d29b4a07208557f4a4fe52d8a51bff08875f20db06a58b4d3d
2024-05-26:21:23:00.980 Tx047CCE [35mCRIT[0m storeDevice                    1778 start store device c887604519435269749c520361c6dc24bd98f9e7ac8be2d19adaf0cb80195552fecd8caebd841f49620cdbc982113147a1da699f25e7d1d29b4a07208557f4a4fe52d8a51bff08875f20db06a58b4d3d
2024-05-26:21:23:00.980 Tx047CCE [32mINFO[0m setKey                          110 store 8457,8457 device success
2024-05-26:21:23:00.981 Tx047CCE [32mINFO[0m localAuthStorageCheck          1260 start cached license check
2024-05-26:21:23:00.981 Tx047CCE [32mINFO[0m formatV2                        445 ValidLen:4026,PayLen:3470,SigLen:512,SchemaLen:2138,RelationLen:36,LicenseLen:1290,ConfigLen:0
2024-05-26:21:23:00.983 Tx047CCE [32mINFO[0m init                            645 parser init ret:0
2024-05-26:21:23:00.983 Tx047CCE [32mINFO[0m generalCheck                    907 protocol general check ret:0
2024-05-26:21:23:00.983 Tx047CCE [32mINFO[0m localAuthStorageCheck          1279 start update local timestamp
2024-05-26:21:23:00.989 Tx047CCE [32mINFO[0m setKey                          110 store 8457,8457 license success
2024-05-26:21:23:00.989 Tx047CCE [32mINFO[0m localAuthStorageCheck          1287 local cached license check ret:0
2024-05-26:21:23:00.989 Tx047CCE [32mINFO[0m softAuthActivate                883 local cached license parse succeed
2024-05-26:21:23:00.989 Tx047D0D [32mINFO[0m authFileUpdateMain              474 async check thread start
2024-05-26:21:23:00.989 Tx047CCE [35mCRIT[0m AEE_Init                        287 AEE_Init ret 0, cost 29.453793 ms
2024-05-26:21:23:00.990 Tx047CCE [32mINFO[0m loadEngine                      220 loading engine: ef7d69542, versionIdx: 0, libname: ef7d69542_v1009_aee.so
2024-05-26:21:23:00.991 Tx047CCE [32mINFO[0m formatV2                        445 ValidLen:4026,PayLen:3470,SigLen:512,SchemaLen:2138,RelationLen:36,LicenseLen:1290,ConfigLen:0
2024-05-26:21:23:00.992 Tx047CCE [32mINFO[0m init                            645 parser init ret:0
2024-05-26:21:23:00.993 Tx047CCE [35mCRIT[0m AEE_EngineInit                  346 AEE_E[0;36mSetting Microphone Configuration...[0m
Microphone set successfully.
Source number found: 6
Successfully set default source to 6.
[0;36mAll scripts executed successfully.[0m
ngineInit:e867a88f2 ret 0
AIKIT_LoadData start!
2024-05-26:21:23:00.993 Tx047CCE [32mINFO[0m init                             65 ability:e867a88f2 init success
2024-05-26:21:23:01.005 Tx047CCE [33mWARN[0m getResourceFilePath             408 can't find full-matched resource, resource:IVW_KEYWORD_1, version:1.0.1, use partial-matched path: ./src/voice_pkg/src/kedaxunfei_ivw/resource/IVW_KEYWORD_1
2024-05-26:21:23:01.005 Tx047CCE [32mINFO[0m loadCommonResource               94 load resource:IVW_KEYWORD_1, id:0, version:1.0.1, path:./src/voice_pkg/src/kedaxunfei_ivw/resource/IVW_KEYWORD_1
2024-05-26:21:23:01.005 Tx047CCE [32mINFO[0m formatV2                        445 ValidLen:4026,PayLen:3470,SigLen:512,SchemaLen:2138,RelationLen:36,LicenseLen:1290,ConfigLen:0
2024-05-26:21:23:01.006 Tx047CCE [32mINFO[0m init                            645 parser init ret:0
2024-05-26:21:23:01.012 Tx047CCE [33mWARN[0m getResourceFilePath             408 can't find full-matched resource, resource:IVW_MLP_1, version:1.0.2, use partial-matched path: ./src/voice_pkg/src/kedaxunfei_ivw/resource/IVW_MLP_1
2024-05-26:21:23:01.012 Tx047CCE [32mINFO[0m loadCommonResource               94 load resource:IVW_MLP_1, id:1, version:1.0.2, path:./src/voice_pkg/src/kedaxunfei_ivw/resource/IVW_MLP_1
2024-05-26:21:23:01.013 Tx047CCE [32mINFO[0m formatV2                        445 ValidLen:4026,PayLen:3470,SigLen:512,SchemaLen:2138,RelationLen:36,LicenseLen:1290,ConfigLen:0
2024-05-26:21:23:01.013 Tx047CCE [32mINFO[0m init                            645 parser init ret:0
2024-05-26:21:23:01.016 Tx047D0D [32mINFO[0m startOnlineAuthRequest         1296 start async online license activate
2024-05-26:21:23:01.032 Tx047CCE [33mWARN[0m getResourceFilePath             408 can't find full-matched resource, resource:IVW_FILLER_1, version:1.0.2, use partial-matched path: ./src/voice_pkg/src/kedaxunfei_ivw/resource/IVW_FILLER_1
2024-05-26:21:23:01.032 Tx047CCE [32mINFO[0m loadCommonResource               94 load resource:IVW_FILLER_1, id:2, version:1.0.2, path:./src/voice_pkg/src/kedaxunfei_ivw/resource/IVW_FILLER_1
2024-05-26:21:23:01.032 Tx047CCE [32mINFO[0m formatV2                        445 ValidLen:4026,PayLen:3470,SigLen:512,SchemaLen:2138,RelationLen:36,LicenseLen:1290,ConfigLen:0
2024-05-26:21:23:01.033 Tx047CCE [32mINFO[0m init                            645 parser init ret:0
2024-05-26:21:23:01.036 Tx047CCE [35mCRIT[0m AEE_LoadData                    496 AEE_LoadData:e867a88f2 ret 0
AIKIT_LoadData end!
AIKIT_LoadData:0
2024-05-26:21:23:01.036 Tx047CCE [35mCRIT[0m AEE_SpecifyDataSet              723 AEE_SpecifyDataSet:e867a88f2 ret 0
AIKIT_SpecifyDataSet:0
2024-05-26:21:23:01.036 Tx047CCE [32mINFO[0m AEE_Start                       764 start a new session , type is 4
2024-05-26:21:23:01.041 Tx047CCE [33mWARN[0m getResourceFilePath             408 can't find full-matched resource, resource:IVW_GRAM_1, version:1.0.2, use partial-matched path: ./src/voice_pkg/src/kedaxunfei_ivw/resource/IVW_GRAM_1
2024-05-26:21:23:01.041 Tx047CCE [32mINFO[0m loadParamResource               146 size:1 load resource:./src/voice_pkg/src/kedaxunfei_ivw/resource/IVW_GRAM_1, version: 1.0.2, id is 3
2024-05-26:21:23:01.041 Tx047CCE [32mINFO[0m formatV2                        445 ValidLen:4026,PayLen:3470,SigLen:512,SchemaLen:2138,RelationLen:36,LicenseLen:1290,ConfigLen:0
2024-05-26:21:23:01.041 Tx047CCE [32mINFO[0m init                            645 parser init ret:0
2024-05-26:21:23:01.043 Tx047D0D [32mINFO[0m resolveHost                     454 dns mode:0
2024-05-26:21:23:01.043 Tx047D0D [33mWARN[0m getNameServerResult             308 cannot find "xns.xf-yun.com"'s IP, ipList is empty
2024-05-26:21:23:01.081 Tx047CCE [32mINFO[0m loadParamResource               155 resource ./src/voice_pkg/src/kedaxunfei_ivw/resource/IVW_GRAM_1 was loaded!
2024-05-26:21:23:01.082 Tx047CCE [32mINFO[0m start                           223 Session start:0 e867a88f2 this:0x560a4c82ce78
AIKIT_Start:0
2024-05-26:21:23:01.102 Tx047D0D [32mINFO[0m getNameServerResult             309 dns resolve xns.xf-yun.com as [101.200.180.128]
2024-05-26:21:23:01.120 Tx047D0D [33mWARN[0m httpCallback                    500 wsi:0x7fb3fc007868 conn ptr is NULL,ignore this reason:21
2024-05-26:21:23:01.120 Tx047D0D [32mINFO[0m LWSContext                      111 create:2 context ok! Context:0x7fb3fc005ad0 ops:0x7fb3fc0030f0
2024-05-26:21:23:01.120 Tx047D2A [33mWARN[0m httpCallback                    500 wsi:0x7fb3e2ffc760 conn ptr is NULL,ignore this reason:27
2024-05-26:21:23:01.120 Tx047D2A [33mWARN[0m httpCallback                    500 wsi:0x7fb3fc007868 conn ptr is NULL,ignore this reason:71
2024-05-26:21:23:01.120 Tx047D2A [33mWARN[0m httpCallback                    500 wsi:0x7fb3fc007868 conn ptr is NULL,ignore this reason:71
2024-05-26:21:23:01.120 Tx047D2A [33mWARN[0m httpCallback                    500 wsi:0x7fb3fc007868 conn ptr is NULL,ignore this reason:71
2024-05-26:21:23:01.220 Tx047D2A [33mWARN[0m httpCallback                    500 wsi:0x7fb3dc0013d0 conn ptr is NULL,ignore this reason:85
2024-05-26:21:23:01.283 Tx047D0D [33mWARN[0m parseResultToAddressList        723 [cn-huabei-1-lg.xf-yun.com] IP list is empty!
Listening...
2024-05-26:21:23:01.341 Tx047D0D [32mINFO[0m resolveLocalDns                 764 dns resolve aee.xf-yun.com as [114.118.65.87, 114.118.65.88, 114.118.65.86, 114.118.67.62, 114.118.65.75, 114.118.67.61]
2024-05-26:21:23:01.399 Tx047D0D [32mINFO[0m resolveLocalDns                 764 dns resolve cn-huabei-1-lg.xf-yun.com as [114.118.65.75, 114.118.65.87, 114.118.65.86, 114.118.65.88]
2024-05-26:21:23:01.399 Tx047D0D [32mINFO[0m genLicenseField                 202 timestamp is 1716729781
2024-05-26:21:23:01.399 Tx047D0D [32mINFO[0m addSessionPingInfo             1277 start to get ping host ip info 114.118.65.86.
2024-05-26:21:23:01.430 Tx047D0D [33mWARN[0m httpCallback                    500 wsi:0x7fb3fc00da18 conn ptr is NULL,ignore this reason:21
2024-05-26:21:23:01.430 Tx047D0D [32mINFO[0m LWSContext                      111 create:3 context ok! Context:0x7fb3fc00bc80 ops:0x7fb3fc00bb10
2024-05-26:21:23:01.431 Tx047D3C [33mWARN[0m httpCallback                    500 wsi:0x7fb3e0f88540 conn ptr is NULL,ignore this reason:27
2024-05-26:21:23:01.431 Tx047D3C [33mWARN[0m httpCallback                    500 wsi:0x7fb3d8000ba0 conn ptr is NULL,ignore this reason:85
2024-05-26:21:23:01.431 Tx047D3C [33mWARN[0m httpCallback                    500 wsi:0x7fb3fc00da18 conn ptr is NULL,ignore this reason:71
Listening...
2024-05-26:21:23:01.573 Tx047D0D [32mINFO[0m onSignResponse                  316 auth request succeed
2024-05-26:21:23:01.573 Tx047D0D [32mINFO[0m formatV2                        445 ValidLen:4022,PayLen:3470,SigLen:512,SchemaLen:2138,RelationLen:36,LicenseLen:1290,ConfigLen:0
2024-05-26:21:23:01.573 Tx047D0D [33mWARN[0m reload                          790 same version and checksum, no update required
2024-05-26:21:23:01.573 Tx047D0D [33mWARN[0m onSignSuccess                   601 reloadParser ret: 0
2024-05-26:21:23:01.603 Tx047D2A [33mWARN[0m httpCallback                    500 wsi:0x7fb3fc007868 conn ptr is NULL,ignore this reason:71
2024-05-26:21:23:01.603 Tx047D2A [33mWARN[0m httpCallback                    500 wsi:0x7fb3dc0013d0 conn ptr is NULL,ignore this reason:85
2024-05-26:21:23:01.665 Tx047D0D [32mINFO[0m uploadMetricTask                644 metrics sid is lat000d76a6@dx18fb5119d9ea44d812
Listening...
Listening...
Listening...
Listening...
Listening...
Listening...
Listening...
Listening...
Listening...
Listening...
Listening...
Listening...
Listening...
Listening...
Listening...
Listening...
Listening...
Listening...
Listening...
Listening...
Listening...
Listening...
Listening...
Listening...
Listening...
Listening...
Listening...
Listening...
Listening...
Listening...
Listening...
Listening...
Listening...
Listening...
Listening...
Listening...
Listening...
Listening...
Listening...
Listening...
Listening...
Listening...
Listening...
Listening...
Listening...
Listening...
Listening...
Lis